<?xml version="1.0" encoding="UTF-8"?>
<testsuite xmlns:xsi="http://www.w3.org/2001/XMLSchema-instance" xsi:noNamespaceSchemaLocation="https://maven.apache.org/surefire/maven-surefire-plugin/xsd/surefire-test-report-3.0.xsd" version="3.0" name="TestSuite" time="608.305" tests="45" errors="0" skipped="10" failures="11">
  <properties>
[...]
</properties>
  <testcase name="testLoginWithValidCredentials" classname="com.demoblaze.automation.tests.LoginTests" time="7.262">
    <system-out><![CDATA[17:41:00.472 [main] INFO  com.demoblaze.automation.utils.LoggerUtil - ========================================
17:41:00.474 [main] INFO  com.demoblaze.automation.utils.LoggerUtil - TEST SUITE STARTED: Chrome Tests
17:41:00.474 [main] INFO  com.demoblaze.automation.utils.LoggerUtil - ========================================
17:41:00.505 [main] INFO  com.demoblaze.automation.utils.LoggerUtil - ============================================
17:41:00.505 [main] INFO  com.demoblaze.automation.utils.LoggerUtil - Starting test setup for browser: chrome
17:41:00.506 [main] INFO  com.demoblaze.automation.utils.LoggerUtil - Initializing chrome driver
17:41:06.287 [main] INFO  com.demoblaze.automation.utils.LoggerUtil - Chrome browser initialized
17:41:06.335 [main] INFO  com.demoblaze.automation.utils.LoggerUtil - Driver initialized successfully
17:41:07.777 [main] INFO  com.demoblaze.automation.utils.LoggerUtil - HomePage initialized
17:41:07.778 [main] INFO  com.demoblaze.automation.utils.LoggerUtil - LoginPage initialized
17:41:07.780 [main] INFO  com.demoblaze.automation.utils.LoggerUtil - SignUpPage initialized
17:41:07.782 [main] INFO  com.demoblaze.automation.utils.LoggerUtil - ProductPage initialized
17:41:07.791 [main] INFO  com.demoblaze.automation.utils.LoggerUtil - CartPage initialized
17:41:07.793 [main] INFO  com.demoblaze.automation.utils.LoggerUtil - CheckoutPage initialized
17:41:07.794 [main] INFO  com.demoblaze.automation.utils.LoggerUtil - Test setup completed successfully
17:41:07.794 [main] INFO  com.demoblaze.automation.utils.LoggerUtil - ============================================
17:41:07.797 [main] INFO  com.demoblaze.automation.utils.LoggerUtil - ========================================
17:41:07.797 [main] INFO  com.demoblaze.automation.utils.LoggerUtil - STARTING TEST: testLoginWithValidCredentials
17:41:07.798 [main] INFO  com.demoblaze.automation.utils.LoggerUtil - Description: Test login with valid credentials
17:41:07.798 [main] INFO  com.demoblaze.automation.utils.LoggerUtil - ========================================
17:41:07.799 [main] INFO  com.demoblaze.automation.utils.LoggerUtil - Test: Login with valid credentials
17:41:08.935 [main] INFO  com.demoblaze.automation.utils.LoggerUtil - Clicked on element: [[ChromeDriver: chrome on windows (22e48d6962641d5fc4ac8b1e1ed13a3b)] -> id: login2]
17:41:08.935 [main] INFO  com.demoblaze.automation.utils.LoggerUtil - Clicked on Login link
17:41:10.553 [main] INFO  com.demoblaze.automation.utils.LoggerUtil - Login modal is visible
17:41:10.710 [main] INFO  com.demoblaze.automation.utils.LoggerUtil - Entered text: testuser123
17:41:10.846 [main] INFO  com.demoblaze.automation.utils.LoggerUtil - Entered text: Test@123
17:41:10.998 [main] INFO  com.demoblaze.automation.utils.LoggerUtil - Clicked on element: [[ChromeDriver: chrome on windows (22e48d6962641d5fc4ac8b1e1ed13a3b)] -> xpath: //button[contains(text(),'Log in')]]
17:41:11.000 [main] INFO  com.demoblaze.automation.utils.LoggerUtil - Login attempt with username: testuser123
17:41:15.054 [main] INFO  com.demoblaze.automation.utils.LoggerUtil - Login status: false
17:41:15.057 [main] INFO  com.demoblaze.automation.utils.LoggerUtil - ✓ TEST PASSED: testLoginWithValidCredentials
17:41:15.057 [main] INFO  com.demoblaze.automation.utils.LoggerUtil - Execution Time: 7259 ms
]]></system-out>
    <system-err><![CDATA[SLF4J: Failed to load class "org.slf4j.impl.StaticLoggerBinder".
SLF4J: Defaulting to no-operation (NOP) logger implementation
SLF4J: See http://www.slf4j.org/codes.html#StaticLoggerBinder for further details.
Oct 08, 2025 5:41:06 PM org.openqa.selenium.devtools.CdpVersionFinder findNearestMatch
WARNING: Unable to find CDP implementation matching 141
Oct 08, 2025 5:41:06 PM org.openqa.selenium.chromium.ChromiumDriver lambda$new$5
WARNING: Unable to find version of CDP to use for 141.0.7390.54. You may need to include a dependency on a specific version of the CDP using something similar to `org.seleniumhq.selenium:selenium-devtools-v86:4.15.0` where the version ("v86") matches the version of the chromium-based browser you're using and the version number of the artifact is the same as Selenium's.
]]></system-err>
  </testcase>
  <testcase name="testLoginWithValidCredentials" classname="com.demoblaze.automation.tests.LoginTests" time="0.0">
    <skipped message="Could not start a new session. Response code 500. Message: Expected browser binary location, but unable to find binary in default location, no &apos;moz:firefoxOptions.binary&apos; capability provided, and no binary flag set on the command line &#10;Host info: host: &apos;VISHALNIVANGUNE&apos;, ip: &apos;192.168.31.227&apos;&#10;Build info: version: &apos;4.15.0&apos;, revision: &apos;1d14b5521b&apos;&#10;System info: os.name: &apos;Windows 11&apos;, os.arch: &apos;amd64&apos;, os.version: &apos;10.0&apos;, java.version: &apos;23.0.1&apos;&#10;Driver info: org.openqa.selenium.firefox.FirefoxDriver&#10;Command: [null, newSession {capabilities=[Capabilities {acceptInsecureCerts: true, browserName: firefox, moz:debuggerAddress: true, moz:firefoxOptions: {args: [--start-maximized]}}]}]"/>
    <system-out><![CDATA[17:51:01.339 [main] INFO  com.demoblaze.automation.utils.LoggerUtil - ========================================
17:51:01.339 [main] INFO  com.demoblaze.automation.utils.LoggerUtil - STARTING TEST: testLoginWithValidCredentials
17:51:01.339 [main] INFO  com.demoblaze.automation.utils.LoggerUtil - Description: Test login with valid credentials
17:51:01.339 [main] INFO  com.demoblaze.automation.utils.LoggerUtil - ========================================
17:51:01.340 [main] WARN  com.demoblaze.automation.utils.LoggerUtil - ⊘ TEST SKIPPED: testLoginWithValidCredentials
17:51:01.340 [main] WARN  com.demoblaze.automation.utils.LoggerUtil - Skip reason: org.openqa.selenium.SessionNotCreatedException: Could not start a new session. Response code 500. Message: Expected browser binary location, but unable to find binary in default location, no 'moz:firefoxOptions.binary' capability provided, and no binary flag set on the command line 
Host info: host: 'VISHALNIVANGUNE', ip: '192.168.31.227'
Build info: version: '4.15.0', revision: '1d14b5521b'
System info: os.name: 'Windows 11', os.arch: 'amd64', os.version: '10.0', java.version: '23.0.1'
Driver info: org.openqa.selenium.firefox.FirefoxDriver
Command: [null, newSession {capabilities=[Capabilities {acceptInsecureCerts: true, browserName: firefox, moz:debuggerAddress: true, moz:firefoxOptions: {args: [--start-maximized]}}]}]
]]></system-out>
  </testcase>
  <testcase name="testLoginWithInvalidUsername" classname="com.demoblaze.automation.tests.LoginTests" time="7.706">
    <system-out><![CDATA[17:41:15.059 [main] INFO  com.demoblaze.automation.utils.LoggerUtil - ============================================
17:41:15.060 [main] INFO  com.demoblaze.automation.utils.LoggerUtil - Starting test teardown
17:41:15.065 [main] INFO  com.demoblaze.automation.utils.LoggerUtil - Quitting driver
17:41:15.344 [main] INFO  com.demoblaze.automation.utils.LoggerUtil - Driver quit successfully
17:41:15.345 [main] INFO  com.demoblaze.automation.utils.LoggerUtil - Test teardown completed
17:41:15.345 [main] INFO  com.demoblaze.automation.utils.LoggerUtil - ============================================
17:41:15.351 [main] INFO  com.demoblaze.automation.utils.LoggerUtil - ============================================
17:41:15.351 [main] INFO  com.demoblaze.automation.utils.LoggerUtil - Starting test setup for browser: chrome
17:41:15.351 [main] INFO  com.demoblaze.automation.utils.LoggerUtil - Initializing chrome driver
17:41:16.330 [main] INFO  com.demoblaze.automation.utils.LoggerUtil - Chrome browser initialized
17:41:16.351 [main] INFO  com.demoblaze.automation.utils.LoggerUtil - Driver initialized successfully
17:41:18.251 [main] INFO  com.demoblaze.automation.utils.LoggerUtil - HomePage initialized
17:41:18.252 [main] INFO  com.demoblaze.automation.utils.LoggerUtil - LoginPage initialized
17:41:18.252 [main] INFO  com.demoblaze.automation.utils.LoggerUtil - SignUpPage initialized
17:41:18.253 [main] INFO  com.demoblaze.automation.utils.LoggerUtil - ProductPage initialized
17:41:18.253 [main] INFO  com.demoblaze.automation.utils.LoggerUtil - CartPage initialized
17:41:18.254 [main] INFO  com.demoblaze.automation.utils.LoggerUtil - CheckoutPage initialized
17:41:18.254 [main] INFO  com.demoblaze.automation.utils.LoggerUtil - Test setup completed successfully
17:41:18.254 [main] INFO  com.demoblaze.automation.utils.LoggerUtil - ============================================
17:41:18.255 [main] INFO  com.demoblaze.automation.utils.LoggerUtil - ========================================
17:41:18.255 [main] INFO  com.demoblaze.automation.utils.LoggerUtil - STARTING TEST: testLoginWithInvalidUsername
17:41:18.255 [main] INFO  com.demoblaze.automation.utils.LoggerUtil - Description: Test login with invalid username
17:41:18.255 [main] INFO  com.demoblaze.automation.utils.LoggerUtil - ========================================
17:41:18.256 [main] INFO  com.demoblaze.automation.utils.LoggerUtil - Test: Login with invalid username
17:41:19.378 [main] INFO  com.demoblaze.automation.utils.LoggerUtil - Clicked on element: [[ChromeDriver: chrome on windows (9a0ffd00907ba54978876397d2d71678)] -> id: login2]
17:41:19.378 [main] INFO  com.demoblaze.automation.utils.LoggerUtil - Clicked on Login link
17:41:20.966 [main] INFO  com.demoblaze.automation.utils.LoggerUtil - Login modal is visible
17:41:21.145 [main] INFO  com.demoblaze.automation.utils.LoggerUtil - Entered text: invaliduser999
17:41:21.279 [main] INFO  com.demoblaze.automation.utils.LoggerUtil - Entered text: Test@123
17:41:21.355 [main] INFO  com.demoblaze.automation.utils.LoggerUtil - Clicked on element: [[ChromeDriver: chrome on windows (9a0ffd00907ba54978876397d2d71678)] -> xpath: //button[contains(text(),'Log in')]]
17:41:21.355 [main] INFO  com.demoblaze.automation.utils.LoggerUtil - Login attempt with username: invaliduser999
17:41:25.940 [main] INFO  com.demoblaze.automation.utils.LoggerUtil - Alert text: User does not exist.
17:41:25.941 [main] INFO  com.demoblaze.automation.utils.LoggerUtil - Alert message: User does not exist.
17:41:25.956 [main] INFO  com.demoblaze.automation.utils.LoggerUtil - Alert text: User does not exist.
17:41:25.960 [main] INFO  com.demoblaze.automation.utils.LoggerUtil - ✓ TEST PASSED: testLoginWithInvalidUsername
17:41:25.960 [main] INFO  com.demoblaze.automation.utils.LoggerUtil - Execution Time: 7705 ms
]]></system-out>
    <system-err><![CDATA[Oct 08, 2025 5:41:16 PM org.openqa.selenium.devtools.CdpVersionFinder findNearestMatch
WARNING: Unable to find CDP implementation matching 141
Oct 08, 2025 5:41:16 PM org.openqa.selenium.chromium.ChromiumDriver lambda$new$5
WARNING: Unable to find version of CDP to use for 141.0.7390.54. You may need to include a dependency on a specific version of the CDP using something similar to `org.seleniumhq.selenium:selenium-devtools-v86:4.15.0` where the version ("v86") matches the version of the chromium-based browser you're using and the version number of the artifact is the same as Selenium's.
]]></system-err>
  </testcase>
  <testcase name="testLoginWithInvalidUsername" classname="com.demoblaze.automation.tests.LoginTests" time="0.0">
    <skipped message="Could not start a new session. Response code 500. Message: Expected browser binary location, but unable to find binary in default location, no &apos;moz:firefoxOptions.binary&apos; capability provided, and no binary flag set on the command line &#10;Host info: host: &apos;VISHALNIVANGUNE&apos;, ip: &apos;192.168.31.227&apos;&#10;Build info: version: &apos;4.15.0&apos;, revision: &apos;1d14b5521b&apos;&#10;System info: os.name: &apos;Windows 11&apos;, os.arch: &apos;amd64&apos;, os.version: &apos;10.0&apos;, java.version: &apos;23.0.1&apos;&#10;Driver info: org.openqa.selenium.firefox.FirefoxDriver&#10;Command: [null, newSession {capabilities=[Capabilities {acceptInsecureCerts: true, browserName: firefox, moz:debuggerAddress: true, moz:firefoxOptions: {args: [--start-maximized]}}]}]"/>
    <system-out><![CDATA[17:51:02.081 [main] INFO  com.demoblaze.automation.utils.LoggerUtil - ========================================
17:51:02.081 [main] INFO  com.demoblaze.automation.utils.LoggerUtil - STARTING TEST: testLoginWithInvalidUsername
17:51:02.082 [main] INFO  com.demoblaze.automation.utils.LoggerUtil - Description: Test login with invalid username
17:51:02.082 [main] INFO  com.demoblaze.automation.utils.LoggerUtil - ========================================
17:51:02.082 [main] WARN  com.demoblaze.automation.utils.LoggerUtil - ⊘ TEST SKIPPED: testLoginWithInvalidUsername
17:51:02.082 [main] WARN  com.demoblaze.automation.utils.LoggerUtil - Skip reason: org.openqa.selenium.SessionNotCreatedException: Could not start a new session. Response code 500. Message: Expected browser binary location, but unable to find binary in default location, no 'moz:firefoxOptions.binary' capability provided, and no binary flag set on the command line 
Host info: host: 'VISHALNIVANGUNE', ip: '192.168.31.227'
Build info: version: '4.15.0', revision: '1d14b5521b'
System info: os.name: 'Windows 11', os.arch: 'amd64', os.version: '10.0', java.version: '23.0.1'
Driver info: org.openqa.selenium.firefox.FirefoxDriver
Command: [null, newSession {capabilities=[Capabilities {acceptInsecureCerts: true, browserName: firefox, moz:debuggerAddress: true, moz:firefoxOptions: {args: [--start-maximized]}}]}]
]]></system-out>
  </testcase>
  <testcase name="testLoginWithInvalidPassword" classname="com.demoblaze.automation.tests.LoginTests" time="5.07">
    <system-out><![CDATA[17:41:25.961 [main] INFO  com.demoblaze.automation.utils.LoggerUtil - ============================================
17:41:25.962 [main] INFO  com.demoblaze.automation.utils.LoggerUtil - Starting test teardown
17:41:25.970 [main] INFO  com.demoblaze.automation.utils.LoggerUtil - Quitting driver
17:41:26.169 [main] INFO  com.demoblaze.automation.utils.LoggerUtil - Driver quit successfully
17:41:26.169 [main] INFO  com.demoblaze.automation.utils.LoggerUtil - Test teardown completed
17:41:26.169 [main] INFO  com.demoblaze.automation.utils.LoggerUtil - ============================================
17:41:26.171 [main] INFO  com.demoblaze.automation.utils.LoggerUtil - ============================================
17:41:26.171 [main] INFO  com.demoblaze.automation.utils.LoggerUtil - Starting test setup for browser: chrome
17:41:26.171 [main] INFO  com.demoblaze.automation.utils.LoggerUtil - Initializing chrome driver
17:41:26.903 [main] INFO  com.demoblaze.automation.utils.LoggerUtil - Chrome browser initialized
17:41:26.918 [main] INFO  com.demoblaze.automation.utils.LoggerUtil - Driver initialized successfully
17:41:29.096 [main] INFO  com.demoblaze.automation.utils.LoggerUtil - HomePage initialized
17:41:29.096 [main] INFO  com.demoblaze.automation.utils.LoggerUtil - LoginPage initialized
17:41:29.097 [main] INFO  com.demoblaze.automation.utils.LoggerUtil - SignUpPage initialized
17:41:29.097 [main] INFO  com.demoblaze.automation.utils.LoggerUtil - ProductPage initialized
17:41:29.097 [main] INFO  com.demoblaze.automation.utils.LoggerUtil - CartPage initialized
17:41:29.099 [main] INFO  com.demoblaze.automation.utils.LoggerUtil - CheckoutPage initialized
17:41:29.099 [main] INFO  com.demoblaze.automation.utils.LoggerUtil - Test setup completed successfully
17:41:29.099 [main] INFO  com.demoblaze.automation.utils.LoggerUtil - ============================================
17:41:29.100 [main] INFO  com.demoblaze.automation.utils.LoggerUtil - ========================================
17:41:29.100 [main] INFO  com.demoblaze.automation.utils.LoggerUtil - STARTING TEST: testLoginWithInvalidPassword
17:41:29.100 [main] INFO  com.demoblaze.automation.utils.LoggerUtil - Description: Test login with invalid password
17:41:29.100 [main] INFO  com.demoblaze.automation.utils.LoggerUtil - ========================================
17:41:29.101 [main] INFO  com.demoblaze.automation.utils.LoggerUtil - Test: Login with invalid password
17:41:30.191 [main] INFO  com.demoblaze.automation.utils.LoggerUtil - Clicked on element: [[ChromeDriver: chrome on windows (2fe4dfd7b985b3ce3d50e438eda132a9)] -> id: login2]
17:41:30.192 [main] INFO  com.demoblaze.automation.utils.LoggerUtil - Clicked on Login link
17:41:31.775 [main] INFO  com.demoblaze.automation.utils.LoggerUtil - Login modal is visible
17:41:31.925 [main] INFO  com.demoblaze.automation.utils.LoggerUtil - Entered text: test
17:41:32.055 [main] INFO  com.demoblaze.automation.utils.LoggerUtil - Entered text: wrongpassword123
17:41:32.120 [main] INFO  com.demoblaze.automation.utils.LoggerUtil - Clicked on element: [[ChromeDriver: chrome on windows (2fe4dfd7b985b3ce3d50e438eda132a9)] -> xpath: //button[contains(text(),'Log in')]]
17:41:32.120 [main] INFO  com.demoblaze.automation.utils.LoggerUtil - Login attempt with username: test
17:41:34.140 [main] INFO  com.demoblaze.automation.utils.LoggerUtil - Alert text: Wrong password.
17:41:34.140 [main] INFO  com.demoblaze.automation.utils.LoggerUtil - Alert message: Wrong password.
17:41:34.147 [main] INFO  com.demoblaze.automation.utils.LoggerUtil - Alert text: Wrong password.
17:41:34.169 [main] INFO  com.demoblaze.automation.utils.LoggerUtil - ✓ TEST PASSED: testLoginWithInvalidPassword
17:41:34.169 [main] INFO  com.demoblaze.automation.utils.LoggerUtil - Execution Time: 5070 ms
]]></system-out>
    <system-err><![CDATA[Oct 08, 2025 5:41:26 PM org.openqa.selenium.devtools.CdpVersionFinder findNearestMatch
WARNING: Unable to find CDP implementation matching 141
Oct 08, 2025 5:41:26 PM org.openqa.selenium.chromium.ChromiumDriver lambda$new$5
WARNING: Unable to find version of CDP to use for 141.0.7390.54. You may need to include a dependency on a specific version of the CDP using something similar to `org.seleniumhq.selenium:selenium-devtools-v86:4.15.0` where the version ("v86") matches the version of the chromium-based browser you're using and the version number of the artifact is the same as Selenium's.
]]></system-err>
  </testcase>
  <testcase name="testLoginWithInvalidPassword" classname="com.demoblaze.automation.tests.LoginTests" time="0.0">
    <skipped message="Could not start a new session. Response code 500. Message: Expected browser binary location, but unable to find binary in default location, no &apos;moz:firefoxOptions.binary&apos; capability provided, and no binary flag set on the command line &#10;Host info: host: &apos;VISHALNIVANGUNE&apos;, ip: &apos;192.168.31.227&apos;&#10;Build info: version: &apos;4.15.0&apos;, revision: &apos;1d14b5521b&apos;&#10;System info: os.name: &apos;Windows 11&apos;, os.arch: &apos;amd64&apos;, os.version: &apos;10.0&apos;, java.version: &apos;23.0.1&apos;&#10;Driver info: org.openqa.selenium.firefox.FirefoxDriver&#10;Command: [null, newSession {capabilities=[Capabilities {acceptInsecureCerts: true, browserName: firefox, moz:debuggerAddress: true, moz:firefoxOptions: {args: [--start-maximized]}}]}]"/>
    <system-out><![CDATA[17:51:02.734 [main] INFO  com.demoblaze.automation.utils.LoggerUtil - ========================================
17:51:02.734 [main] INFO  com.demoblaze.automation.utils.LoggerUtil - STARTING TEST: testLoginWithInvalidPassword
17:51:02.734 [main] INFO  com.demoblaze.automation.utils.LoggerUtil - Description: Test login with invalid password
17:51:02.734 [main] INFO  com.demoblaze.automation.utils.LoggerUtil - ========================================
17:51:02.735 [main] WARN  com.demoblaze.automation.utils.LoggerUtil - ⊘ TEST SKIPPED: testLoginWithInvalidPassword
17:51:02.735 [main] WARN  com.demoblaze.automation.utils.LoggerUtil - Skip reason: org.openqa.selenium.SessionNotCreatedException: Could not start a new session. Response code 500. Message: Expected browser binary location, but unable to find binary in default location, no 'moz:firefoxOptions.binary' capability provided, and no binary flag set on the command line 
Host info: host: 'VISHALNIVANGUNE', ip: '192.168.31.227'
Build info: version: '4.15.0', revision: '1d14b5521b'
System info: os.name: 'Windows 11', os.arch: 'amd64', os.version: '10.0', java.version: '23.0.1'
Driver info: org.openqa.selenium.firefox.FirefoxDriver
Command: [null, newSession {capabilities=[Capabilities {acceptInsecureCerts: true, browserName: firefox, moz:debuggerAddress: true, moz:firefoxOptions: {args: [--start-maximized]}}]}]
]]></system-out>
  </testcase>
  <testcase name="testLoginWithEmptyCredentials" classname="com.demoblaze.automation.tests.LoginTests" time="3.832">
    <system-out><![CDATA[17:41:34.170 [main] INFO  com.demoblaze.automation.utils.LoggerUtil - ============================================
17:41:34.171 [main] INFO  com.demoblaze.automation.utils.LoggerUtil - Starting test teardown
17:41:34.181 [main] INFO  com.demoblaze.automation.utils.LoggerUtil - Quitting driver
17:41:34.393 [main] INFO  com.demoblaze.automation.utils.LoggerUtil - Driver quit successfully
17:41:34.393 [main] INFO  com.demoblaze.automation.utils.LoggerUtil - Test teardown completed
17:41:34.394 [main] INFO  com.demoblaze.automation.utils.LoggerUtil - ============================================
17:41:34.395 [main] INFO  com.demoblaze.automation.utils.LoggerUtil - ============================================
17:41:34.395 [main] INFO  com.demoblaze.automation.utils.LoggerUtil - Starting test setup for browser: chrome
17:41:34.395 [main] INFO  com.demoblaze.automation.utils.LoggerUtil - Initializing chrome driver
17:41:35.163 [main] INFO  com.demoblaze.automation.utils.LoggerUtil - Chrome browser initialized
17:41:35.184 [main] INFO  com.demoblaze.automation.utils.LoggerUtil - Driver initialized successfully
17:41:36.612 [main] INFO  com.demoblaze.automation.utils.LoggerUtil - HomePage initialized
17:41:36.613 [main] INFO  com.demoblaze.automation.utils.LoggerUtil - LoginPage initialized
17:41:36.613 [main] INFO  com.demoblaze.automation.utils.LoggerUtil - SignUpPage initialized
17:41:36.614 [main] INFO  com.demoblaze.automation.utils.LoggerUtil - ProductPage initialized
17:41:36.614 [main] INFO  com.demoblaze.automation.utils.LoggerUtil - CartPage initialized
17:41:36.615 [main] INFO  com.demoblaze.automation.utils.LoggerUtil - CheckoutPage initialized
17:41:36.615 [main] INFO  com.demoblaze.automation.utils.LoggerUtil - Test setup completed successfully
17:41:36.615 [main] INFO  com.demoblaze.automation.utils.LoggerUtil - ============================================
17:41:36.616 [main] INFO  com.demoblaze.automation.utils.LoggerUtil - ========================================
17:41:36.616 [main] INFO  com.demoblaze.automation.utils.LoggerUtil - STARTING TEST: testLoginWithEmptyCredentials
17:41:36.616 [main] INFO  com.demoblaze.automation.utils.LoggerUtil - Description: Test login with empty credentials
17:41:36.616 [main] INFO  com.demoblaze.automation.utils.LoggerUtil - ========================================
17:41:36.617 [main] INFO  com.demoblaze.automation.utils.LoggerUtil - Test: Login with empty credentials
17:41:37.731 [main] INFO  com.demoblaze.automation.utils.LoggerUtil - Clicked on element: [[ChromeDriver: chrome on windows (cb807a5962f660a3656f59700890bf83)] -> id: login2]
17:41:37.732 [main] INFO  com.demoblaze.automation.utils.LoggerUtil - Clicked on Login link
17:41:39.313 [main] INFO  com.demoblaze.automation.utils.LoggerUtil - Login modal is visible
17:41:39.425 [main] INFO  com.demoblaze.automation.utils.LoggerUtil - Clicked login button (alert expected)
17:41:40.436 [main] INFO  com.demoblaze.automation.utils.LoggerUtil - Alert text: Please fill out Username and Password.
17:41:40.436 [main] INFO  com.demoblaze.automation.utils.LoggerUtil - Alert message: Please fill out Username and Password.
17:41:40.442 [main] INFO  com.demoblaze.automation.utils.LoggerUtil - Alert text: Please fill out Username and Password.
17:41:40.448 [main] INFO  com.demoblaze.automation.utils.LoggerUtil - ✓ TEST PASSED: testLoginWithEmptyCredentials
17:41:40.448 [main] INFO  com.demoblaze.automation.utils.LoggerUtil - Execution Time: 3833 ms
]]></system-out>
    <system-err><![CDATA[Oct 08, 2025 5:41:35 PM org.openqa.selenium.devtools.CdpVersionFinder findNearestMatch
WARNING: Unable to find CDP implementation matching 141
Oct 08, 2025 5:41:35 PM org.openqa.selenium.chromium.ChromiumDriver lambda$new$5
WARNING: Unable to find version of CDP to use for 141.0.7390.54. You may need to include a dependency on a specific version of the CDP using something similar to `org.seleniumhq.selenium:selenium-devtools-v86:4.15.0` where the version ("v86") matches the version of the chromium-based browser you're using and the version number of the artifact is the same as Selenium's.
]]></system-err>
  </testcase>
  <testcase name="testLoginWithEmptyCredentials" classname="com.demoblaze.automation.tests.LoginTests" time="0.0">
    <skipped message="Could not start a new session. Response code 500. Message: Expected browser binary location, but unable to find binary in default location, no &apos;moz:firefoxOptions.binary&apos; capability provided, and no binary flag set on the command line &#10;Host info: host: &apos;VISHALNIVANGUNE&apos;, ip: &apos;192.168.31.227&apos;&#10;Build info: version: &apos;4.15.0&apos;, revision: &apos;1d14b5521b&apos;&#10;System info: os.name: &apos;Windows 11&apos;, os.arch: &apos;amd64&apos;, os.version: &apos;10.0&apos;, java.version: &apos;23.0.1&apos;&#10;Driver info: org.openqa.selenium.firefox.FirefoxDriver&#10;Command: [null, newSession {capabilities=[Capabilities {acceptInsecureCerts: true, browserName: firefox, moz:debuggerAddress: true, moz:firefoxOptions: {args: [--start-maximized]}}]}]"/>
    <system-out><![CDATA[17:51:03.417 [main] INFO  com.demoblaze.automation.utils.LoggerUtil - ========================================
17:51:03.417 [main] INFO  com.demoblaze.automation.utils.LoggerUtil - STARTING TEST: testLoginWithEmptyCredentials
17:51:03.417 [main] INFO  com.demoblaze.automation.utils.LoggerUtil - Description: Test login with empty credentials
17:51:03.417 [main] INFO  com.demoblaze.automation.utils.LoggerUtil - ========================================
17:51:03.417 [main] WARN  com.demoblaze.automation.utils.LoggerUtil - ⊘ TEST SKIPPED: testLoginWithEmptyCredentials
17:51:03.417 [main] WARN  com.demoblaze.automation.utils.LoggerUtil - Skip reason: org.openqa.selenium.SessionNotCreatedException: Could not start a new session. Response code 500. Message: Expected browser binary location, but unable to find binary in default location, no 'moz:firefoxOptions.binary' capability provided, and no binary flag set on the command line 
Host info: host: 'VISHALNIVANGUNE', ip: '192.168.31.227'
Build info: version: '4.15.0', revision: '1d14b5521b'
System info: os.name: 'Windows 11', os.arch: 'amd64', os.version: '10.0', java.version: '23.0.1'
Driver info: org.openqa.selenium.firefox.FirefoxDriver
Command: [null, newSession {capabilities=[Capabilities {acceptInsecureCerts: true, browserName: firefox, moz:debuggerAddress: true, moz:firefoxOptions: {args: [--start-maximized]}}]}]
]]></system-out>
  </testcase>
  <testcase name="testLogoutFunctionality" classname="com.demoblaze.automation.tests.LoginTests" time="7.666">
    <system-out><![CDATA[17:41:40.449 [main] INFO  com.demoblaze.automation.utils.LoggerUtil - ============================================
17:41:40.449 [main] INFO  com.demoblaze.automation.utils.LoggerUtil - Starting test teardown
17:41:40.458 [main] INFO  com.demoblaze.automation.utils.LoggerUtil - Quitting driver
17:41:40.696 [main] INFO  com.demoblaze.automation.utils.LoggerUtil - Driver quit successfully
17:41:40.697 [main] INFO  com.demoblaze.automation.utils.LoggerUtil - Test teardown completed
17:41:40.697 [main] INFO  com.demoblaze.automation.utils.LoggerUtil - ============================================
17:41:40.698 [main] INFO  com.demoblaze.automation.utils.LoggerUtil - ============================================
17:41:40.699 [main] INFO  com.demoblaze.automation.utils.LoggerUtil - Starting test setup for browser: chrome
17:41:40.699 [main] INFO  com.demoblaze.automation.utils.LoggerUtil - Initializing chrome driver
17:41:41.397 [main] INFO  com.demoblaze.automation.utils.LoggerUtil - Chrome browser initialized
17:41:41.414 [main] INFO  com.demoblaze.automation.utils.LoggerUtil - Driver initialized successfully
17:41:43.453 [main] INFO  com.demoblaze.automation.utils.LoggerUtil - HomePage initialized
17:41:43.454 [main] INFO  com.demoblaze.automation.utils.LoggerUtil - LoginPage initialized
17:41:43.455 [main] INFO  com.demoblaze.automation.utils.LoggerUtil - SignUpPage initialized
17:41:43.455 [main] INFO  com.demoblaze.automation.utils.LoggerUtil - ProductPage initialized
17:41:43.455 [main] INFO  com.demoblaze.automation.utils.LoggerUtil - CartPage initialized
17:41:43.456 [main] INFO  com.demoblaze.automation.utils.LoggerUtil - CheckoutPage initialized
17:41:43.456 [main] INFO  com.demoblaze.automation.utils.LoggerUtil - Test setup completed successfully
17:41:43.456 [main] INFO  com.demoblaze.automation.utils.LoggerUtil - ============================================
17:41:43.457 [main] INFO  com.demoblaze.automation.utils.LoggerUtil - ========================================
17:41:43.457 [main] INFO  com.demoblaze.automation.utils.LoggerUtil - STARTING TEST: testLogoutFunctionality
17:41:43.458 [main] INFO  com.demoblaze.automation.utils.LoggerUtil - Description: Test logout functionality
17:41:43.458 [main] INFO  com.demoblaze.automation.utils.LoggerUtil - ========================================
17:41:43.458 [main] INFO  com.demoblaze.automation.utils.LoggerUtil - Test: Logout functionality
17:41:44.585 [main] INFO  com.demoblaze.automation.utils.LoggerUtil - Clicked on element: [[ChromeDriver: chrome on windows (1dd348ff6c3914ed32e1e326c0149293)] -> id: login2]
17:41:44.585 [main] INFO  com.demoblaze.automation.utils.LoggerUtil - Clicked on Login link
17:41:46.201 [main] INFO  com.demoblaze.automation.utils.LoggerUtil - Login modal is visible
17:41:46.349 [main] INFO  com.demoblaze.automation.utils.LoggerUtil - Entered text: testuser123
17:41:46.428 [main] INFO  com.demoblaze.automation.utils.LoggerUtil - Entered text: Test@123
17:41:46.515 [main] INFO  com.demoblaze.automation.utils.LoggerUtil - Clicked on element: [[ChromeDriver: chrome on windows (1dd348ff6c3914ed32e1e326c0149293)] -> xpath: //button[contains(text(),'Log in')]]
17:41:46.515 [main] INFO  com.demoblaze.automation.utils.LoggerUtil - Login attempt with username: testuser123
17:41:50.551 [main] WARN  com.demoblaze.automation.utils.LoggerUtil - Dismissing unexpected alert: Wrong password.
17:41:51.123 [main] INFO  com.demoblaze.automation.utils.LoggerUtil - User logged in: false
17:41:51.123 [main] INFO  com.demoblaze.automation.utils.LoggerUtil - ✓ TEST PASSED: testLogoutFunctionality
17:41:51.123 [main] INFO  com.demoblaze.automation.utils.LoggerUtil - Execution Time: 7667 ms
]]></system-out>
    <system-err><![CDATA[Oct 08, 2025 5:41:41 PM org.openqa.selenium.devtools.CdpVersionFinder findNearestMatch
WARNING: Unable to find CDP implementation matching 141
Oct 08, 2025 5:41:41 PM org.openqa.selenium.chromium.ChromiumDriver lambda$new$5
WARNING: Unable to find version of CDP to use for 141.0.7390.54. You may need to include a dependency on a specific version of the CDP using something similar to `org.seleniumhq.selenium:selenium-devtools-v86:4.15.0` where the version ("v86") matches the version of the chromium-based browser you're using and the version number of the artifact is the same as Selenium's.
]]></system-err>
  </testcase>
  <testcase name="testLogoutFunctionality" classname="com.demoblaze.automation.tests.LoginTests" time="0.0">
    <skipped message="Could not start a new session. Response code 500. Message: Expected browser binary location, but unable to find binary in default location, no &apos;moz:firefoxOptions.binary&apos; capability provided, and no binary flag set on the command line &#10;Host info: host: &apos;VISHALNIVANGUNE&apos;, ip: &apos;192.168.31.227&apos;&#10;Build info: version: &apos;4.15.0&apos;, revision: &apos;1d14b5521b&apos;&#10;System info: os.name: &apos;Windows 11&apos;, os.arch: &apos;amd64&apos;, os.version: &apos;10.0&apos;, java.version: &apos;23.0.1&apos;&#10;Driver info: org.openqa.selenium.firefox.FirefoxDriver&#10;Command: [null, newSession {capabilities=[Capabilities {acceptInsecureCerts: true, browserName: firefox, moz:debuggerAddress: true, moz:firefoxOptions: {args: [--start-maximized]}}]}]"/>
    <system-out><![CDATA[17:51:04.222 [main] INFO  com.demoblaze.automation.utils.LoggerUtil - ========================================
17:51:04.223 [main] INFO  com.demoblaze.automation.utils.LoggerUtil - STARTING TEST: testLogoutFunctionality
17:51:04.223 [main] INFO  com.demoblaze.automation.utils.LoggerUtil - Description: Test logout functionality
17:51:04.223 [main] INFO  com.demoblaze.automation.utils.LoggerUtil - ========================================
17:51:04.223 [main] WARN  com.demoblaze.automation.utils.LoggerUtil - ⊘ TEST SKIPPED: testLogoutFunctionality
17:51:04.223 [main] WARN  com.demoblaze.automation.utils.LoggerUtil - Skip reason: org.openqa.selenium.SessionNotCreatedException: Could not start a new session. Response code 500. Message: Expected browser binary location, but unable to find binary in default location, no 'moz:firefoxOptions.binary' capability provided, and no binary flag set on the command line 
Host info: host: 'VISHALNIVANGUNE', ip: '192.168.31.227'
Build info: version: '4.15.0', revision: '1d14b5521b'
System info: os.name: 'Windows 11', os.arch: 'amd64', os.version: '10.0', java.version: '23.0.1'
Driver info: org.openqa.selenium.firefox.FirefoxDriver
Command: [null, newSession {capabilities=[Capabilities {acceptInsecureCerts: true, browserName: firefox, moz:debuggerAddress: true, moz:firefoxOptions: {args: [--start-maximized]}}]}]
]]></system-out>
  </testcase>
  <testcase name="setup[firefox](0)" classname="com.demoblaze.automation.tests.LoginTests" time="46.818">
    <failure message="Could not start a new session. Response code 500. Message: Expected browser binary location, but unable to find binary in default location, no &apos;moz:firefoxOptions.binary&apos; capability provided, and no binary flag set on the command line &#10;Host info: host: &apos;VISHALNIVANGUNE&apos;, ip: &apos;192.168.31.227&apos;&#10;Build info: version: &apos;4.15.0&apos;, revision: &apos;1d14b5521b&apos;&#10;System info: os.name: &apos;Windows 11&apos;, os.arch: &apos;amd64&apos;, os.version: &apos;10.0&apos;, java.version: &apos;23.0.1&apos;&#10;Driver info: org.openqa.selenium.firefox.FirefoxDriver&#10;Command: [null, newSession {capabilities=[Capabilities {acceptInsecureCerts: true, browserName: firefox, moz:debuggerAddress: true, moz:firefoxOptions: {args: [--start-maximized]}}]}]" type="org.openqa.selenium.SessionNotCreatedException"><![CDATA[org.openqa.selenium.SessionNotCreatedException: 
Could not start a new session. Response code 500. Message: Expected browser binary location, but unable to find binary in default location, no 'moz:firefoxOptions.binary' capability provided, and no binary flag set on the command line 
Host info: host: 'VISHALNIVANGUNE', ip: '192.168.31.227'
Build info: version: '4.15.0', revision: '1d14b5521b'
System info: os.name: 'Windows 11', os.arch: 'amd64', os.version: '10.0', java.version: '23.0.1'
Driver info: org.openqa.selenium.firefox.FirefoxDriver
Command: [null, newSession {capabilities=[Capabilities {acceptInsecureCerts: true, browserName: firefox, moz:debuggerAddress: true, moz:firefoxOptions: {args: [--start-maximized]}}]}]
	at org.openqa.selenium.remote.ProtocolHandshake.createSession(ProtocolHandshake.java:140)
	at org.openqa.selenium.remote.ProtocolHandshake.createSession(ProtocolHandshake.java:96)
	at org.openqa.selenium.remote.ProtocolHandshake.createSession(ProtocolHandshake.java:68)
	at org.openqa.selenium.remote.HttpCommandExecutor.execute(HttpCommandExecutor.java:163)
	at org.openqa.selenium.remote.service.DriverCommandExecutor.invokeExecute(DriverCommandExecutor.java:200)
	at org.openqa.selenium.remote.service.DriverCommandExecutor.execute(DriverCommandExecutor.java:175)
	at org.openqa.selenium.remote.RemoteWebDriver.execute(RemoteWebDriver.java:607)
	at org.openqa.selenium.remote.RemoteWebDriver.startSession(RemoteWebDriver.java:241)
	at org.openqa.selenium.remote.RemoteWebDriver.<init>(RemoteWebDriver.java:168)
	at org.openqa.selenium.firefox.FirefoxDriver.<init>(FirefoxDriver.java:157)
	at org.openqa.selenium.firefox.FirefoxDriver.<init>(FirefoxDriver.java:152)
	at org.openqa.selenium.firefox.FirefoxDriver.<init>(FirefoxDriver.java:133)
	at org.openqa.selenium.firefox.FirefoxDriver.<init>(FirefoxDriver.java:128)
	at org.openqa.selenium.firefox.FirefoxDriver.<init>(FirefoxDriver.java:113)
	at com.demoblaze.automation.managers.DriverFactory.createDriver(DriverFactory.java:49)
	at com.demoblaze.automation.managers.DriverManager.initDriver(DriverManager.java:46)
	at com.demoblaze.automation.tests.BaseTest.setup(BaseTest.java:31)
	at java.base/jdk.internal.reflect.DirectMethodHandleAccessor.invoke(DirectMethodHandleAccessor.java:103)
	at java.base/java.lang.reflect.Method.invoke(Method.java:580)
	at org.testng.internal.invokers.MethodInvocationHelper.invokeMethod(MethodInvocationHelper.java:139)
	at org.testng.internal.invokers.MethodInvocationHelper.invokeMethodConsideringTimeout(MethodInvocationHelper.java:69)
	at org.testng.internal.invokers.ConfigInvoker.invokeConfigurationMethod(ConfigInvoker.java:390)
	at org.testng.internal.invokers.ConfigInvoker.invokeConfigurations(ConfigInvoker.java:325)
	at org.testng.internal.invokers.TestInvoker.runConfigMethods(TestInvoker.java:810)
	at org.testng.internal.invokers.TestInvoker.invokeMethod(TestInvoker.java:577)
	at org.testng.internal.invokers.TestInvoker.invokeTestMethod(TestInvoker.java:227)
	at org.testng.internal.invokers.MethodRunner.runInSequence(MethodRunner.java:50)
	at org.testng.internal.invokers.TestInvoker$MethodInvocationAgent.invoke(TestInvoker.java:957)
	at org.testng.internal.invokers.TestInvoker.invokeTestMethods(TestInvoker.java:200)
	at org.testng.internal.invokers.TestMethodWorker.invokeTestMethods(TestMethodWorker.java:148)
	at org.testng.internal.invokers.TestMethodWorker.run(TestMethodWorker.java:128)
	at java.base/java.util.ArrayList.forEach(ArrayList.java:1597)
	at org.testng.TestRunner.privateRun(TestRunner.java:848)
	at org.testng.TestRunner.run(TestRunner.java:621)
	at org.testng.SuiteRunner.runTest(SuiteRunner.java:443)
	at org.testng.SuiteRunner.runSequentially(SuiteRunner.java:437)
	at org.testng.SuiteRunner.privateRun(SuiteRunner.java:397)
	at org.testng.SuiteRunner.run(SuiteRunner.java:336)
	at org.testng.SuiteRunnerWorker.runSuite(SuiteRunnerWorker.java:52)
	at org.testng.SuiteRunnerWorker.run(SuiteRunnerWorker.java:95)
	at org.testng.TestNG.runSuitesSequentially(TestNG.java:1280)
	at org.testng.TestNG.runSuitesLocally(TestNG.java:1200)
	at org.testng.TestNG.runSuites(TestNG.java:1114)
	at org.testng.TestNG.run(TestNG.java:1082)
	at org.apache.maven.surefire.testng.TestNGExecutor.run(TestNGExecutor.java:308)
	at org.apache.maven.surefire.testng.TestNGXmlTestSuite.execute(TestNGXmlTestSuite.java:71)
	at org.apache.maven.surefire.testng.TestNGProvider.invoke(TestNGProvider.java:113)
	at org.apache.maven.surefire.booter.ForkedBooter.runSuitesInProcess(ForkedBooter.java:385)
	at org.apache.maven.surefire.booter.ForkedBooter.execute(ForkedBooter.java:162)
	at org.apache.maven.surefire.booter.ForkedBooter.run(ForkedBooter.java:507)
	at org.apache.maven.surefire.booter.ForkedBooter.main(ForkedBooter.java:495)
]]></failure>
    <system-out><![CDATA[17:51:00.173 [main] INFO  com.demoblaze.automation.utils.LoggerUtil - ============================================
17:51:00.173 [main] INFO  com.demoblaze.automation.utils.LoggerUtil - Starting test teardown
17:51:00.177 [main] INFO  com.demoblaze.automation.utils.LoggerUtil - Quitting driver
17:51:00.371 [main] INFO  com.demoblaze.automation.utils.LoggerUtil - Driver quit successfully
17:51:00.372 [main] INFO  com.demoblaze.automation.utils.LoggerUtil - Test teardown completed
17:51:00.372 [main] INFO  com.demoblaze.automation.utils.LoggerUtil - ============================================
17:51:00.372 [main] INFO  com.demoblaze.automation.utils.LoggerUtil - ========================================
17:51:00.372 [main] INFO  com.demoblaze.automation.utils.LoggerUtil - TEST SUITE FINISHED: Chrome Tests
17:51:00.372 [main] INFO  com.demoblaze.automation.utils.LoggerUtil - Total Tests: 25
17:51:00.372 [main] INFO  com.demoblaze.automation.utils.LoggerUtil - Passed: 24
17:51:00.372 [main] INFO  com.demoblaze.automation.utils.LoggerUtil - Failed: 1
17:51:00.372 [main] INFO  com.demoblaze.automation.utils.LoggerUtil - Skipped: 0
17:51:00.373 [main] INFO  com.demoblaze.automation.utils.LoggerUtil - Success Rate: 96.00%
17:51:00.373 [main] INFO  com.demoblaze.automation.utils.LoggerUtil - ========================================
17:51:00.392 [main] INFO  com.demoblaze.automation.utils.LoggerUtil - ========================================
17:51:00.392 [main] INFO  com.demoblaze.automation.utils.LoggerUtil - TEST SUITE STARTED: Firefox Tests
17:51:00.392 [main] INFO  com.demoblaze.automation.utils.LoggerUtil - ========================================
17:51:00.394 [main] INFO  com.demoblaze.automation.utils.LoggerUtil - ============================================
17:51:00.394 [main] INFO  com.demoblaze.automation.utils.LoggerUtil - Starting test setup for browser: firefox
17:51:00.394 [main] INFO  com.demoblaze.automation.utils.LoggerUtil - Initializing firefox driver
]]></system-out>
  </testcase>
  <testcase name="setup[firefox](0)" classname="com.demoblaze.automation.tests.LoginTests" time="0.742">
    <failure message="Could not start a new session. Response code 500. Message: Expected browser binary location, but unable to find binary in default location, no &apos;moz:firefoxOptions.binary&apos; capability provided, and no binary flag set on the command line &#10;Host info: host: &apos;VISHALNIVANGUNE&apos;, ip: &apos;192.168.31.227&apos;&#10;Build info: version: &apos;4.15.0&apos;, revision: &apos;1d14b5521b&apos;&#10;System info: os.name: &apos;Windows 11&apos;, os.arch: &apos;amd64&apos;, os.version: &apos;10.0&apos;, java.version: &apos;23.0.1&apos;&#10;Driver info: org.openqa.selenium.firefox.FirefoxDriver&#10;Command: [null, newSession {capabilities=[Capabilities {acceptInsecureCerts: true, browserName: firefox, moz:debuggerAddress: true, moz:firefoxOptions: {args: [--start-maximized]}}]}]" type="org.openqa.selenium.SessionNotCreatedException"><![CDATA[org.openqa.selenium.SessionNotCreatedException: 
Could not start a new session. Response code 500. Message: Expected browser binary location, but unable to find binary in default location, no 'moz:firefoxOptions.binary' capability provided, and no binary flag set on the command line 
Host info: host: 'VISHALNIVANGUNE', ip: '192.168.31.227'
Build info: version: '4.15.0', revision: '1d14b5521b'
System info: os.name: 'Windows 11', os.arch: 'amd64', os.version: '10.0', java.version: '23.0.1'
Driver info: org.openqa.selenium.firefox.FirefoxDriver
Command: [null, newSession {capabilities=[Capabilities {acceptInsecureCerts: true, browserName: firefox, moz:debuggerAddress: true, moz:firefoxOptions: {args: [--start-maximized]}}]}]
	at org.openqa.selenium.remote.ProtocolHandshake.createSession(ProtocolHandshake.java:140)
	at org.openqa.selenium.remote.ProtocolHandshake.createSession(ProtocolHandshake.java:96)
	at org.openqa.selenium.remote.ProtocolHandshake.createSession(ProtocolHandshake.java:68)
	at org.openqa.selenium.remote.HttpCommandExecutor.execute(HttpCommandExecutor.java:163)
	at org.openqa.selenium.remote.service.DriverCommandExecutor.invokeExecute(DriverCommandExecutor.java:200)
	at org.openqa.selenium.remote.service.DriverCommandExecutor.execute(DriverCommandExecutor.java:175)
	at org.openqa.selenium.remote.RemoteWebDriver.execute(RemoteWebDriver.java:607)
	at org.openqa.selenium.remote.RemoteWebDriver.startSession(RemoteWebDriver.java:241)
	at org.openqa.selenium.remote.RemoteWebDriver.<init>(RemoteWebDriver.java:168)
	at org.openqa.selenium.firefox.FirefoxDriver.<init>(FirefoxDriver.java:157)
	at org.openqa.selenium.firefox.FirefoxDriver.<init>(FirefoxDriver.java:152)
	at org.openqa.selenium.firefox.FirefoxDriver.<init>(FirefoxDriver.java:133)
	at org.openqa.selenium.firefox.FirefoxDriver.<init>(FirefoxDriver.java:128)
	at org.openqa.selenium.firefox.FirefoxDriver.<init>(FirefoxDriver.java:113)
	at com.demoblaze.automation.managers.DriverFactory.createDriver(DriverFactory.java:49)
	at com.demoblaze.automation.managers.DriverManager.initDriver(DriverManager.java:46)
	at com.demoblaze.automation.tests.BaseTest.setup(BaseTest.java:31)
	at java.base/jdk.internal.reflect.DirectMethodHandleAccessor.invoke(DirectMethodHandleAccessor.java:103)
	at java.base/java.lang.reflect.Method.invoke(Method.java:580)
	at org.testng.internal.invokers.MethodInvocationHelper.invokeMethod(MethodInvocationHelper.java:139)
	at org.testng.internal.invokers.MethodInvocationHelper.invokeMethodConsideringTimeout(MethodInvocationHelper.java:69)
	at org.testng.internal.invokers.ConfigInvoker.invokeConfigurationMethod(ConfigInvoker.java:390)
	at org.testng.internal.invokers.ConfigInvoker.invokeConfigurations(ConfigInvoker.java:325)
	at org.testng.internal.invokers.TestInvoker.runConfigMethods(TestInvoker.java:810)
	at org.testng.internal.invokers.TestInvoker.invokeMethod(TestInvoker.java:577)
	at org.testng.internal.invokers.TestInvoker.invokeTestMethod(TestInvoker.java:227)
	at org.testng.internal.invokers.MethodRunner.runInSequence(MethodRunner.java:50)
	at org.testng.internal.invokers.TestInvoker$MethodInvocationAgent.invoke(TestInvoker.java:957)
	at org.testng.internal.invokers.TestInvoker.invokeTestMethods(TestInvoker.java:200)
	at org.testng.internal.invokers.TestMethodWorker.invokeTestMethods(TestMethodWorker.java:148)
	at org.testng.internal.invokers.TestMethodWorker.run(TestMethodWorker.java:128)
	at java.base/java.util.ArrayList.forEach(ArrayList.java:1597)
	at org.testng.TestRunner.privateRun(TestRunner.java:848)
	at org.testng.TestRunner.run(TestRunner.java:621)
	at org.testng.SuiteRunner.runTest(SuiteRunner.java:443)
	at org.testng.SuiteRunner.runSequentially(SuiteRunner.java:437)
	at org.testng.SuiteRunner.privateRun(SuiteRunner.java:397)
	at org.testng.SuiteRunner.run(SuiteRunner.java:336)
	at org.testng.SuiteRunnerWorker.runSuite(SuiteRunnerWorker.java:52)
	at org.testng.SuiteRunnerWorker.run(SuiteRunnerWorker.java:95)
	at org.testng.TestNG.runSuitesSequentially(TestNG.java:1280)
	at org.testng.TestNG.runSuitesLocally(TestNG.java:1200)
	at org.testng.TestNG.runSuites(TestNG.java:1114)
	at org.testng.TestNG.run(TestNG.java:1082)
	at org.apache.maven.surefire.testng.TestNGExecutor.run(TestNGExecutor.java:308)
	at org.apache.maven.surefire.testng.TestNGXmlTestSuite.execute(TestNGXmlTestSuite.java:71)
	at org.apache.maven.surefire.testng.TestNGProvider.invoke(TestNGProvider.java:113)
	at org.apache.maven.surefire.booter.ForkedBooter.runSuitesInProcess(ForkedBooter.java:385)
	at org.apache.maven.surefire.booter.ForkedBooter.execute(ForkedBooter.java:162)
	at org.apache.maven.surefire.booter.ForkedBooter.run(ForkedBooter.java:507)
	at org.apache.maven.surefire.booter.ForkedBooter.main(ForkedBooter.java:495)
]]></failure>
    <system-out><![CDATA[17:51:01.340 [main] INFO  com.demoblaze.automation.utils.LoggerUtil - ============================================
17:51:01.340 [main] INFO  com.demoblaze.automation.utils.LoggerUtil - Starting test teardown
17:51:01.340 [main] INFO  com.demoblaze.automation.utils.LoggerUtil - Test teardown completed
17:51:01.340 [main] INFO  com.demoblaze.automation.utils.LoggerUtil - ============================================
17:51:01.341 [main] INFO  com.demoblaze.automation.utils.LoggerUtil - ============================================
17:51:01.341 [main] INFO  com.demoblaze.automation.utils.LoggerUtil - Starting test setup for browser: firefox
17:51:01.341 [main] INFO  com.demoblaze.automation.utils.LoggerUtil - Initializing firefox driver
]]></system-out>
  </testcase>
  <testcase name="setup[firefox](0)" classname="com.demoblaze.automation.tests.LoginTests" time="0.652">
    <failure message="Could not start a new session. Response code 500. Message: Expected browser binary location, but unable to find binary in default location, no &apos;moz:firefoxOptions.binary&apos; capability provided, and no binary flag set on the command line &#10;Host info: host: &apos;VISHALNIVANGUNE&apos;, ip: &apos;192.168.31.227&apos;&#10;Build info: version: &apos;4.15.0&apos;, revision: &apos;1d14b5521b&apos;&#10;System info: os.name: &apos;Windows 11&apos;, os.arch: &apos;amd64&apos;, os.version: &apos;10.0&apos;, java.version: &apos;23.0.1&apos;&#10;Driver info: org.openqa.selenium.firefox.FirefoxDriver&#10;Command: [null, newSession {capabilities=[Capabilities {acceptInsecureCerts: true, browserName: firefox, moz:debuggerAddress: true, moz:firefoxOptions: {args: [--start-maximized]}}]}]" type="org.openqa.selenium.SessionNotCreatedException"><![CDATA[org.openqa.selenium.SessionNotCreatedException: 
Could not start a new session. Response code 500. Message: Expected browser binary location, but unable to find binary in default location, no 'moz:firefoxOptions.binary' capability provided, and no binary flag set on the command line 
Host info: host: 'VISHALNIVANGUNE', ip: '192.168.31.227'
Build info: version: '4.15.0', revision: '1d14b5521b'
System info: os.name: 'Windows 11', os.arch: 'amd64', os.version: '10.0', java.version: '23.0.1'
Driver info: org.openqa.selenium.firefox.FirefoxDriver
Command: [null, newSession {capabilities=[Capabilities {acceptInsecureCerts: true, browserName: firefox, moz:debuggerAddress: true, moz:firefoxOptions: {args: [--start-maximized]}}]}]
	at org.openqa.selenium.remote.ProtocolHandshake.createSession(ProtocolHandshake.java:140)
	at org.openqa.selenium.remote.ProtocolHandshake.createSession(ProtocolHandshake.java:96)
	at org.openqa.selenium.remote.ProtocolHandshake.createSession(ProtocolHandshake.java:68)
	at org.openqa.selenium.remote.HttpCommandExecutor.execute(HttpCommandExecutor.java:163)
	at org.openqa.selenium.remote.service.DriverCommandExecutor.invokeExecute(DriverCommandExecutor.java:200)
	at org.openqa.selenium.remote.service.DriverCommandExecutor.execute(DriverCommandExecutor.java:175)
	at org.openqa.selenium.remote.RemoteWebDriver.execute(RemoteWebDriver.java:607)
	at org.openqa.selenium.remote.RemoteWebDriver.startSession(RemoteWebDriver.java:241)
	at org.openqa.selenium.remote.RemoteWebDriver.<init>(RemoteWebDriver.java:168)
	at org.openqa.selenium.firefox.FirefoxDriver.<init>(FirefoxDriver.java:157)
	at org.openqa.selenium.firefox.FirefoxDriver.<init>(FirefoxDriver.java:152)
	at org.openqa.selenium.firefox.FirefoxDriver.<init>(FirefoxDriver.java:133)
	at org.openqa.selenium.firefox.FirefoxDriver.<init>(FirefoxDriver.java:128)
	at org.openqa.selenium.firefox.FirefoxDriver.<init>(FirefoxDriver.java:113)
	at com.demoblaze.automation.managers.DriverFactory.createDriver(DriverFactory.java:49)
	at com.demoblaze.automation.managers.DriverManager.initDriver(DriverManager.java:46)
	at com.demoblaze.automation.tests.BaseTest.setup(BaseTest.java:31)
	at java.base/jdk.internal.reflect.DirectMethodHandleAccessor.invoke(DirectMethodHandleAccessor.java:103)
	at java.base/java.lang.reflect.Method.invoke(Method.java:580)
	at org.testng.internal.invokers.MethodInvocationHelper.invokeMethod(MethodInvocationHelper.java:139)
	at org.testng.internal.invokers.MethodInvocationHelper.invokeMethodConsideringTimeout(MethodInvocationHelper.java:69)
	at org.testng.internal.invokers.ConfigInvoker.invokeConfigurationMethod(ConfigInvoker.java:390)
	at org.testng.internal.invokers.ConfigInvoker.invokeConfigurations(ConfigInvoker.java:325)
	at org.testng.internal.invokers.TestInvoker.runConfigMethods(TestInvoker.java:810)
	at org.testng.internal.invokers.TestInvoker.invokeMethod(TestInvoker.java:577)
	at org.testng.internal.invokers.TestInvoker.invokeTestMethod(TestInvoker.java:227)
	at org.testng.internal.invokers.MethodRunner.runInSequence(MethodRunner.java:50)
	at org.testng.internal.invokers.TestInvoker$MethodInvocationAgent.invoke(TestInvoker.java:957)
	at org.testng.internal.invokers.TestInvoker.invokeTestMethods(TestInvoker.java:200)
	at org.testng.internal.invokers.TestMethodWorker.invokeTestMethods(TestMethodWorker.java:148)
	at org.testng.internal.invokers.TestMethodWorker.run(TestMethodWorker.java:128)
	at java.base/java.util.ArrayList.forEach(ArrayList.java:1597)
	at org.testng.TestRunner.privateRun(TestRunner.java:848)
	at org.testng.TestRunner.run(TestRunner.java:621)
	at org.testng.SuiteRunner.runTest(SuiteRunner.java:443)
	at org.testng.SuiteRunner.runSequentially(SuiteRunner.java:437)
	at org.testng.SuiteRunner.privateRun(SuiteRunner.java:397)
	at org.testng.SuiteRunner.run(SuiteRunner.java:336)
	at org.testng.SuiteRunnerWorker.runSuite(SuiteRunnerWorker.java:52)
	at org.testng.SuiteRunnerWorker.run(SuiteRunnerWorker.java:95)
	at org.testng.TestNG.runSuitesSequentially(TestNG.java:1280)
	at org.testng.TestNG.runSuitesLocally(TestNG.java:1200)
	at org.testng.TestNG.runSuites(TestNG.java:1114)
	at org.testng.TestNG.run(TestNG.java:1082)
	at org.apache.maven.surefire.testng.TestNGExecutor.run(TestNGExecutor.java:308)
	at org.apache.maven.surefire.testng.TestNGXmlTestSuite.execute(TestNGXmlTestSuite.java:71)
	at org.apache.maven.surefire.testng.TestNGProvider.invoke(TestNGProvider.java:113)
	at org.apache.maven.surefire.booter.ForkedBooter.runSuitesInProcess(ForkedBooter.java:385)
	at org.apache.maven.surefire.booter.ForkedBooter.execute(ForkedBooter.java:162)
	at org.apache.maven.surefire.booter.ForkedBooter.run(ForkedBooter.java:507)
	at org.apache.maven.surefire.booter.ForkedBooter.main(ForkedBooter.java:495)
]]></failure>
    <system-out><![CDATA[17:51:02.082 [main] INFO  com.demoblaze.automation.utils.LoggerUtil - ============================================
17:51:02.082 [main] INFO  com.demoblaze.automation.utils.LoggerUtil - Starting test teardown
17:51:02.082 [main] INFO  com.demoblaze.automation.utils.LoggerUtil - Test teardown completed
17:51:02.082 [main] INFO  com.demoblaze.automation.utils.LoggerUtil - ============================================
17:51:02.083 [main] INFO  com.demoblaze.automation.utils.LoggerUtil - ============================================
17:51:02.083 [main] INFO  com.demoblaze.automation.utils.LoggerUtil - Starting test setup for browser: firefox
17:51:02.083 [main] INFO  com.demoblaze.automation.utils.LoggerUtil - Initializing firefox driver
]]></system-out>
  </testcase>
  <testcase name="setup[firefox](0)" classname="com.demoblaze.automation.tests.LoginTests" time="0.682">
    <failure message="Could not start a new session. Response code 500. Message: Expected browser binary location, but unable to find binary in default location, no &apos;moz:firefoxOptions.binary&apos; capability provided, and no binary flag set on the command line &#10;Host info: host: &apos;VISHALNIVANGUNE&apos;, ip: &apos;192.168.31.227&apos;&#10;Build info: version: &apos;4.15.0&apos;, revision: &apos;1d14b5521b&apos;&#10;System info: os.name: &apos;Windows 11&apos;, os.arch: &apos;amd64&apos;, os.version: &apos;10.0&apos;, java.version: &apos;23.0.1&apos;&#10;Driver info: org.openqa.selenium.firefox.FirefoxDriver&#10;Command: [null, newSession {capabilities=[Capabilities {acceptInsecureCerts: true, browserName: firefox, moz:debuggerAddress: true, moz:firefoxOptions: {args: [--start-maximized]}}]}]" type="org.openqa.selenium.SessionNotCreatedException"><![CDATA[org.openqa.selenium.SessionNotCreatedException: 
Could not start a new session. Response code 500. Message: Expected browser binary location, but unable to find binary in default location, no 'moz:firefoxOptions.binary' capability provided, and no binary flag set on the command line 
Host info: host: 'VISHALNIVANGUNE', ip: '192.168.31.227'
Build info: version: '4.15.0', revision: '1d14b5521b'
System info: os.name: 'Windows 11', os.arch: 'amd64', os.version: '10.0', java.version: '23.0.1'
Driver info: org.openqa.selenium.firefox.FirefoxDriver
Command: [null, newSession {capabilities=[Capabilities {acceptInsecureCerts: true, browserName: firefox, moz:debuggerAddress: true, moz:firefoxOptions: {args: [--start-maximized]}}]}]
	at org.openqa.selenium.remote.ProtocolHandshake.createSession(ProtocolHandshake.java:140)
	at org.openqa.selenium.remote.ProtocolHandshake.createSession(ProtocolHandshake.java:96)
	at org.openqa.selenium.remote.ProtocolHandshake.createSession(ProtocolHandshake.java:68)
	at org.openqa.selenium.remote.HttpCommandExecutor.execute(HttpCommandExecutor.java:163)
	at org.openqa.selenium.remote.service.DriverCommandExecutor.invokeExecute(DriverCommandExecutor.java:200)
	at org.openqa.selenium.remote.service.DriverCommandExecutor.execute(DriverCommandExecutor.java:175)
	at org.openqa.selenium.remote.RemoteWebDriver.execute(RemoteWebDriver.java:607)
	at org.openqa.selenium.remote.RemoteWebDriver.startSession(RemoteWebDriver.java:241)
	at org.openqa.selenium.remote.RemoteWebDriver.<init>(RemoteWebDriver.java:168)
	at org.openqa.selenium.firefox.FirefoxDriver.<init>(FirefoxDriver.java:157)
	at org.openqa.selenium.firefox.FirefoxDriver.<init>(FirefoxDriver.java:152)
	at org.openqa.selenium.firefox.FirefoxDriver.<init>(FirefoxDriver.java:133)
	at org.openqa.selenium.firefox.FirefoxDriver.<init>(FirefoxDriver.java:128)
	at org.openqa.selenium.firefox.FirefoxDriver.<init>(FirefoxDriver.java:113)
	at com.demoblaze.automation.managers.DriverFactory.createDriver(DriverFactory.java:49)
	at com.demoblaze.automation.managers.DriverManager.initDriver(DriverManager.java:46)
	at com.demoblaze.automation.tests.BaseTest.setup(BaseTest.java:31)
	at java.base/jdk.internal.reflect.DirectMethodHandleAccessor.invoke(DirectMethodHandleAccessor.java:103)
	at java.base/java.lang.reflect.Method.invoke(Method.java:580)
	at org.testng.internal.invokers.MethodInvocationHelper.invokeMethod(MethodInvocationHelper.java:139)
	at org.testng.internal.invokers.MethodInvocationHelper.invokeMethodConsideringTimeout(MethodInvocationHelper.java:69)
	at org.testng.internal.invokers.ConfigInvoker.invokeConfigurationMethod(ConfigInvoker.java:390)
	at org.testng.internal.invokers.ConfigInvoker.invokeConfigurations(ConfigInvoker.java:325)
	at org.testng.internal.invokers.TestInvoker.runConfigMethods(TestInvoker.java:810)
	at org.testng.internal.invokers.TestInvoker.invokeMethod(TestInvoker.java:577)
	at org.testng.internal.invokers.TestInvoker.invokeTestMethod(TestInvoker.java:227)
	at org.testng.internal.invokers.MethodRunner.runInSequence(MethodRunner.java:50)
	at org.testng.internal.invokers.TestInvoker$MethodInvocationAgent.invoke(TestInvoker.java:957)
	at org.testng.internal.invokers.TestInvoker.invokeTestMethods(TestInvoker.java:200)
	at org.testng.internal.invokers.TestMethodWorker.invokeTestMethods(TestMethodWorker.java:148)
	at org.testng.internal.invokers.TestMethodWorker.run(TestMethodWorker.java:128)
	at java.base/java.util.ArrayList.forEach(ArrayList.java:1597)
	at org.testng.TestRunner.privateRun(TestRunner.java:848)
	at org.testng.TestRunner.run(TestRunner.java:621)
	at org.testng.SuiteRunner.runTest(SuiteRunner.java:443)
	at org.testng.SuiteRunner.runSequentially(SuiteRunner.java:437)
	at org.testng.SuiteRunner.privateRun(SuiteRunner.java:397)
	at org.testng.SuiteRunner.run(SuiteRunner.java:336)
	at org.testng.SuiteRunnerWorker.runSuite(SuiteRunnerWorker.java:52)
	at org.testng.SuiteRunnerWorker.run(SuiteRunnerWorker.java:95)
	at org.testng.TestNG.runSuitesSequentially(TestNG.java:1280)
	at org.testng.TestNG.runSuitesLocally(TestNG.java:1200)
	at org.testng.TestNG.runSuites(TestNG.java:1114)
	at org.testng.TestNG.run(TestNG.java:1082)
	at org.apache.maven.surefire.testng.TestNGExecutor.run(TestNGExecutor.java:308)
	at org.apache.maven.surefire.testng.TestNGXmlTestSuite.execute(TestNGXmlTestSuite.java:71)
	at org.apache.maven.surefire.testng.TestNGProvider.invoke(TestNGProvider.java:113)
	at org.apache.maven.surefire.booter.ForkedBooter.runSuitesInProcess(ForkedBooter.java:385)
	at org.apache.maven.surefire.booter.ForkedBooter.execute(ForkedBooter.java:162)
	at org.apache.maven.surefire.booter.ForkedBooter.run(ForkedBooter.java:507)
	at org.apache.maven.surefire.booter.ForkedBooter.main(ForkedBooter.java:495)
]]></failure>
    <system-out><![CDATA[17:51:02.735 [main] INFO  com.demoblaze.automation.utils.LoggerUtil - ============================================
17:51:02.735 [main] INFO  com.demoblaze.automation.utils.LoggerUtil - Starting test teardown
17:51:02.735 [main] INFO  com.demoblaze.automation.utils.LoggerUtil - Test teardown completed
17:51:02.735 [main] INFO  com.demoblaze.automation.utils.LoggerUtil - ============================================
17:51:02.736 [main] INFO  com.demoblaze.automation.utils.LoggerUtil - ============================================
17:51:02.736 [main] INFO  com.demoblaze.automation.utils.LoggerUtil - Starting test setup for browser: firefox
17:51:02.736 [main] INFO  com.demoblaze.automation.utils.LoggerUtil - Initializing firefox driver
]]></system-out>
  </testcase>
  <testcase name="setup[firefox](0)" classname="com.demoblaze.automation.tests.LoginTests" time="0.805">
    <failure message="Could not start a new session. Response code 500. Message: Expected browser binary location, but unable to find binary in default location, no &apos;moz:firefoxOptions.binary&apos; capability provided, and no binary flag set on the command line &#10;Host info: host: &apos;VISHALNIVANGUNE&apos;, ip: &apos;192.168.31.227&apos;&#10;Build info: version: &apos;4.15.0&apos;, revision: &apos;1d14b5521b&apos;&#10;System info: os.name: &apos;Windows 11&apos;, os.arch: &apos;amd64&apos;, os.version: &apos;10.0&apos;, java.version: &apos;23.0.1&apos;&#10;Driver info: org.openqa.selenium.firefox.FirefoxDriver&#10;Command: [null, newSession {capabilities=[Capabilities {acceptInsecureCerts: true, browserName: firefox, moz:debuggerAddress: true, moz:firefoxOptions: {args: [--start-maximized]}}]}]" type="org.openqa.selenium.SessionNotCreatedException"><![CDATA[org.openqa.selenium.SessionNotCreatedException: 
Could not start a new session. Response code 500. Message: Expected browser binary location, but unable to find binary in default location, no 'moz:firefoxOptions.binary' capability provided, and no binary flag set on the command line 
Host info: host: 'VISHALNIVANGUNE', ip: '192.168.31.227'
Build info: version: '4.15.0', revision: '1d14b5521b'
System info: os.name: 'Windows 11', os.arch: 'amd64', os.version: '10.0', java.version: '23.0.1'
Driver info: org.openqa.selenium.firefox.FirefoxDriver
Command: [null, newSession {capabilities=[Capabilities {acceptInsecureCerts: true, browserName: firefox, moz:debuggerAddress: true, moz:firefoxOptions: {args: [--start-maximized]}}]}]
	at org.openqa.selenium.remote.ProtocolHandshake.createSession(ProtocolHandshake.java:140)
	at org.openqa.selenium.remote.ProtocolHandshake.createSession(ProtocolHandshake.java:96)
	at org.openqa.selenium.remote.ProtocolHandshake.createSession(ProtocolHandshake.java:68)
	at org.openqa.selenium.remote.HttpCommandExecutor.execute(HttpCommandExecutor.java:163)
	at org.openqa.selenium.remote.service.DriverCommandExecutor.invokeExecute(DriverCommandExecutor.java:200)
	at org.openqa.selenium.remote.service.DriverCommandExecutor.execute(DriverCommandExecutor.java:175)
	at org.openqa.selenium.remote.RemoteWebDriver.execute(RemoteWebDriver.java:607)
	at org.openqa.selenium.remote.RemoteWebDriver.startSession(RemoteWebDriver.java:241)
	at org.openqa.selenium.remote.RemoteWebDriver.<init>(RemoteWebDriver.java:168)
	at org.openqa.selenium.firefox.FirefoxDriver.<init>(FirefoxDriver.java:157)
	at org.openqa.selenium.firefox.FirefoxDriver.<init>(FirefoxDriver.java:152)
	at org.openqa.selenium.firefox.FirefoxDriver.<init>(FirefoxDriver.java:133)
	at org.openqa.selenium.firefox.FirefoxDriver.<init>(FirefoxDriver.java:128)
	at org.openqa.selenium.firefox.FirefoxDriver.<init>(FirefoxDriver.java:113)
	at com.demoblaze.automation.managers.DriverFactory.createDriver(DriverFactory.java:49)
	at com.demoblaze.automation.managers.DriverManager.initDriver(DriverManager.java:46)
	at com.demoblaze.automation.tests.BaseTest.setup(BaseTest.java:31)
	at java.base/jdk.internal.reflect.DirectMethodHandleAccessor.invoke(DirectMethodHandleAccessor.java:103)
	at java.base/java.lang.reflect.Method.invoke(Method.java:580)
	at org.testng.internal.invokers.MethodInvocationHelper.invokeMethod(MethodInvocationHelper.java:139)
	at org.testng.internal.invokers.MethodInvocationHelper.invokeMethodConsideringTimeout(MethodInvocationHelper.java:69)
	at org.testng.internal.invokers.ConfigInvoker.invokeConfigurationMethod(ConfigInvoker.java:390)
	at org.testng.internal.invokers.ConfigInvoker.invokeConfigurations(ConfigInvoker.java:325)
	at org.testng.internal.invokers.TestInvoker.runConfigMethods(TestInvoker.java:810)
	at org.testng.internal.invokers.TestInvoker.invokeMethod(TestInvoker.java:577)
	at org.testng.internal.invokers.TestInvoker.invokeTestMethod(TestInvoker.java:227)
	at org.testng.internal.invokers.MethodRunner.runInSequence(MethodRunner.java:50)
	at org.testng.internal.invokers.TestInvoker$MethodInvocationAgent.invoke(TestInvoker.java:957)
	at org.testng.internal.invokers.TestInvoker.invokeTestMethods(TestInvoker.java:200)
	at org.testng.internal.invokers.TestMethodWorker.invokeTestMethods(TestMethodWorker.java:148)
	at org.testng.internal.invokers.TestMethodWorker.run(TestMethodWorker.java:128)
	at java.base/java.util.ArrayList.forEach(ArrayList.java:1597)
	at org.testng.TestRunner.privateRun(TestRunner.java:848)
	at org.testng.TestRunner.run(TestRunner.java:621)
	at org.testng.SuiteRunner.runTest(SuiteRunner.java:443)
	at org.testng.SuiteRunner.runSequentially(SuiteRunner.java:437)
	at org.testng.SuiteRunner.privateRun(SuiteRunner.java:397)
	at org.testng.SuiteRunner.run(SuiteRunner.java:336)
	at org.testng.SuiteRunnerWorker.runSuite(SuiteRunnerWorker.java:52)
	at org.testng.SuiteRunnerWorker.run(SuiteRunnerWorker.java:95)
	at org.testng.TestNG.runSuitesSequentially(TestNG.java:1280)
	at org.testng.TestNG.runSuitesLocally(TestNG.java:1200)
	at org.testng.TestNG.runSuites(TestNG.java:1114)
	at org.testng.TestNG.run(TestNG.java:1082)
	at org.apache.maven.surefire.testng.TestNGExecutor.run(TestNGExecutor.java:308)
	at org.apache.maven.surefire.testng.TestNGXmlTestSuite.execute(TestNGXmlTestSuite.java:71)
	at org.apache.maven.surefire.testng.TestNGProvider.invoke(TestNGProvider.java:113)
	at org.apache.maven.surefire.booter.ForkedBooter.runSuitesInProcess(ForkedBooter.java:385)
	at org.apache.maven.surefire.booter.ForkedBooter.execute(ForkedBooter.java:162)
	at org.apache.maven.surefire.booter.ForkedBooter.run(ForkedBooter.java:507)
	at org.apache.maven.surefire.booter.ForkedBooter.main(ForkedBooter.java:495)
]]></failure>
    <system-out><![CDATA[17:51:03.418 [main] INFO  com.demoblaze.automation.utils.LoggerUtil - ============================================
17:51:03.418 [main] INFO  com.demoblaze.automation.utils.LoggerUtil - Starting test teardown
17:51:03.418 [main] INFO  com.demoblaze.automation.utils.LoggerUtil - Test teardown completed
17:51:03.418 [main] INFO  com.demoblaze.automation.utils.LoggerUtil - ============================================
17:51:03.419 [main] INFO  com.demoblaze.automation.utils.LoggerUtil - ============================================
17:51:03.419 [main] INFO  com.demoblaze.automation.utils.LoggerUtil - Starting test setup for browser: firefox
17:51:03.419 [main] INFO  com.demoblaze.automation.utils.LoggerUtil - Initializing firefox driver
]]></system-out>
  </testcase>
  <testcase name="testSuccessfulSignUp" classname="com.demoblaze.automation.tests.SignUpTests" time="5.006">
    <system-out><![CDATA[17:41:51.124 [main] INFO  com.demoblaze.automation.utils.LoggerUtil - ============================================
17:41:51.124 [main] INFO  com.demoblaze.automation.utils.LoggerUtil - Starting test teardown
17:41:51.128 [main] INFO  com.demoblaze.automation.utils.LoggerUtil - Quitting driver
17:41:51.335 [main] INFO  com.demoblaze.automation.utils.LoggerUtil - Driver quit successfully
17:41:51.335 [main] INFO  com.demoblaze.automation.utils.LoggerUtil - Test teardown completed
17:41:51.336 [main] INFO  com.demoblaze.automation.utils.LoggerUtil - ============================================
17:41:51.337 [main] INFO  com.demoblaze.automation.utils.LoggerUtil - ============================================
17:41:51.337 [main] INFO  com.demoblaze.automation.utils.LoggerUtil - Starting test setup for browser: chrome
17:41:51.337 [main] INFO  com.demoblaze.automation.utils.LoggerUtil - Initializing chrome driver
17:41:52.136 [main] INFO  com.demoblaze.automation.utils.LoggerUtil - Chrome browser initialized
17:41:52.157 [main] INFO  com.demoblaze.automation.utils.LoggerUtil - Driver initialized successfully
17:41:53.841 [main] INFO  com.demoblaze.automation.utils.LoggerUtil - HomePage initialized
17:41:53.842 [main] INFO  com.demoblaze.automation.utils.LoggerUtil - LoginPage initialized
17:41:53.842 [main] INFO  com.demoblaze.automation.utils.LoggerUtil - SignUpPage initialized
17:41:53.843 [main] INFO  com.demoblaze.automation.utils.LoggerUtil - ProductPage initialized
17:41:53.843 [main] INFO  com.demoblaze.automation.utils.LoggerUtil - CartPage initialized
17:41:53.843 [main] INFO  com.demoblaze.automation.utils.LoggerUtil - CheckoutPage initialized
17:41:53.843 [main] INFO  com.demoblaze.automation.utils.LoggerUtil - Test setup completed successfully
17:41:53.844 [main] INFO  com.demoblaze.automation.utils.LoggerUtil - ============================================
17:41:53.844 [main] INFO  com.demoblaze.automation.utils.LoggerUtil - ========================================
17:41:53.844 [main] INFO  com.demoblaze.automation.utils.LoggerUtil - STARTING TEST: testSuccessfulSignUp
17:41:53.844 [main] INFO  com.demoblaze.automation.utils.LoggerUtil - Description: Test successful sign up with unique username
17:41:53.844 [main] INFO  com.demoblaze.automation.utils.LoggerUtil - ========================================
17:41:53.845 [main] INFO  com.demoblaze.automation.utils.LoggerUtil - Test: Successful sign up
17:41:54.971 [main] INFO  com.demoblaze.automation.utils.LoggerUtil - Clicked on element: [[ChromeDriver: chrome on windows (167efd2fd148081b15683098bcd15115)] -> id: signin2]
17:41:54.971 [main] INFO  com.demoblaze.automation.utils.LoggerUtil - Clicked on Sign Up link
17:41:56.564 [main] INFO  com.demoblaze.automation.utils.LoggerUtil - Sign up modal is visible
17:41:56.667 [main] INFO  com.demoblaze.automation.utils.LoggerUtil - Entered text: user_e57e316a
17:41:56.739 [main] INFO  com.demoblaze.automation.utils.LoggerUtil - Entered text: Test@123
17:41:56.817 [main] INFO  com.demoblaze.automation.utils.LoggerUtil - Clicked on element: [[ChromeDriver: chrome on windows (167efd2fd148081b15683098bcd15115)] -> xpath: //button[contains(text(),'Sign up')]]
17:41:56.817 [main] INFO  com.demoblaze.automation.utils.LoggerUtil - Sign up attempt with username: user_e57e316a
17:41:58.838 [main] INFO  com.demoblaze.automation.utils.LoggerUtil - Alert text: Sign up successful.
17:41:58.839 [main] INFO  com.demoblaze.automation.utils.LoggerUtil - Sign up alert: Sign up successful.
17:41:58.844 [main] INFO  com.demoblaze.automation.utils.LoggerUtil - Alert text: Sign up successful.
17:41:58.850 [main] INFO  com.demoblaze.automation.utils.LoggerUtil - ✓ TEST PASSED: testSuccessfulSignUp
17:41:58.850 [main] INFO  com.demoblaze.automation.utils.LoggerUtil - Execution Time: 5005 ms
]]></system-out>
    <system-err><![CDATA[Oct 08, 2025 5:41:52 PM org.openqa.selenium.devtools.CdpVersionFinder findNearestMatch
WARNING: Unable to find CDP implementation matching 141
Oct 08, 2025 5:41:52 PM org.openqa.selenium.chromium.ChromiumDriver lambda$new$5
WARNING: Unable to find version of CDP to use for 141.0.7390.54. You may need to include a dependency on a specific version of the CDP using something similar to `org.seleniumhq.selenium:selenium-devtools-v86:4.15.0` where the version ("v86") matches the version of the chromium-based browser you're using and the version number of the artifact is the same as Selenium's.
]]></system-err>
  </testcase>
  <testcase name="testSuccessfulSignUp" classname="com.demoblaze.automation.tests.SignUpTests" time="0.0">
    <skipped message="Could not start a new session. Response code 500. Message: Expected browser binary location, but unable to find binary in default location, no &apos;moz:firefoxOptions.binary&apos; capability provided, and no binary flag set on the command line &#10;Host info: host: &apos;VISHALNIVANGUNE&apos;, ip: &apos;192.168.31.227&apos;&#10;Build info: version: &apos;4.15.0&apos;, revision: &apos;1d14b5521b&apos;&#10;System info: os.name: &apos;Windows 11&apos;, os.arch: &apos;amd64&apos;, os.version: &apos;10.0&apos;, java.version: &apos;23.0.1&apos;&#10;Driver info: org.openqa.selenium.firefox.FirefoxDriver&#10;Command: [null, newSession {capabilities=[Capabilities {acceptInsecureCerts: true, browserName: firefox, moz:debuggerAddress: true, moz:firefoxOptions: {args: [--start-maximized]}}]}]"/>
    <system-out><![CDATA[17:51:04.864 [main] INFO  com.demoblaze.automation.utils.LoggerUtil - ========================================
17:51:04.864 [main] INFO  com.demoblaze.automation.utils.LoggerUtil - STARTING TEST: testSuccessfulSignUp
17:51:04.864 [main] INFO  com.demoblaze.automation.utils.LoggerUtil - Description: Test successful sign up with unique username
17:51:04.864 [main] INFO  com.demoblaze.automation.utils.LoggerUtil - ========================================
17:51:04.864 [main] WARN  com.demoblaze.automation.utils.LoggerUtil - ⊘ TEST SKIPPED: testSuccessfulSignUp
17:51:04.864 [main] WARN  com.demoblaze.automation.utils.LoggerUtil - Skip reason: org.openqa.selenium.SessionNotCreatedException: Could not start a new session. Response code 500. Message: Expected browser binary location, but unable to find binary in default location, no 'moz:firefoxOptions.binary' capability provided, and no binary flag set on the command line 
Host info: host: 'VISHALNIVANGUNE', ip: '192.168.31.227'
Build info: version: '4.15.0', revision: '1d14b5521b'
System info: os.name: 'Windows 11', os.arch: 'amd64', os.version: '10.0', java.version: '23.0.1'
Driver info: org.openqa.selenium.firefox.FirefoxDriver
Command: [null, newSession {capabilities=[Capabilities {acceptInsecureCerts: true, browserName: firefox, moz:debuggerAddress: true, moz:firefoxOptions: {args: [--start-maximized]}}]}]
]]></system-out>
  </testcase>
  <testcase name="testSignUpWithExistingUser" classname="com.demoblaze.automation.tests.SignUpTests" time="5.04">
    <system-out><![CDATA[17:41:58.851 [main] INFO  com.demoblaze.automation.utils.LoggerUtil - ============================================
17:41:58.851 [main] INFO  com.demoblaze.automation.utils.LoggerUtil - Starting test teardown
17:41:58.857 [main] INFO  com.demoblaze.automation.utils.LoggerUtil - Quitting driver
17:41:59.048 [main] INFO  com.demoblaze.automation.utils.LoggerUtil - Driver quit successfully
17:41:59.048 [main] INFO  com.demoblaze.automation.utils.LoggerUtil - Test teardown completed
17:41:59.048 [main] INFO  com.demoblaze.automation.utils.LoggerUtil - ============================================
17:41:59.051 [main] INFO  com.demoblaze.automation.utils.LoggerUtil - ============================================
17:41:59.052 [main] INFO  com.demoblaze.automation.utils.LoggerUtil - Starting test setup for browser: chrome
17:41:59.052 [main] INFO  com.demoblaze.automation.utils.LoggerUtil - Initializing chrome driver
17:41:59.777 [main] INFO  com.demoblaze.automation.utils.LoggerUtil - Chrome browser initialized
17:41:59.796 [main] INFO  com.demoblaze.automation.utils.LoggerUtil - Driver initialized successfully
17:42:02.100 [main] INFO  com.demoblaze.automation.utils.LoggerUtil - HomePage initialized
17:42:02.101 [main] INFO  com.demoblaze.automation.utils.LoggerUtil - LoginPage initialized
17:42:02.102 [main] INFO  com.demoblaze.automation.utils.LoggerUtil - SignUpPage initialized
17:42:02.102 [main] INFO  com.demoblaze.automation.utils.LoggerUtil - ProductPage initialized
17:42:02.102 [main] INFO  com.demoblaze.automation.utils.LoggerUtil - CartPage initialized
17:42:02.103 [main] INFO  com.demoblaze.automation.utils.LoggerUtil - CheckoutPage initialized
17:42:02.103 [main] INFO  com.demoblaze.automation.utils.LoggerUtil - Test setup completed successfully
17:42:02.103 [main] INFO  com.demoblaze.automation.utils.LoggerUtil - ============================================
17:42:02.103 [main] INFO  com.demoblaze.automation.utils.LoggerUtil - ========================================
17:42:02.103 [main] INFO  com.demoblaze.automation.utils.LoggerUtil - STARTING TEST: testSignUpWithExistingUser
17:42:02.103 [main] INFO  com.demoblaze.automation.utils.LoggerUtil - Description: Test sign up with existing username
17:42:02.104 [main] INFO  com.demoblaze.automation.utils.LoggerUtil - ========================================
17:42:02.104 [main] INFO  com.demoblaze.automation.utils.LoggerUtil - Test: Sign up with existing user
17:42:03.224 [main] INFO  com.demoblaze.automation.utils.LoggerUtil - Clicked on element: [[ChromeDriver: chrome on windows (55c2ca6f683c2d8b19aa6a39f38a2ff0)] -> id: signin2]
17:42:03.224 [main] INFO  com.demoblaze.automation.utils.LoggerUtil - Clicked on Sign Up link
17:42:04.793 [main] INFO  com.demoblaze.automation.utils.LoggerUtil - Sign up modal is visible
17:42:04.943 [main] INFO  com.demoblaze.automation.utils.LoggerUtil - Entered text: test
17:42:05.057 [main] INFO  com.demoblaze.automation.utils.LoggerUtil - Entered text: Test@123
17:42:05.116 [main] INFO  com.demoblaze.automation.utils.LoggerUtil - Clicked on element: [[ChromeDriver: chrome on windows (55c2ca6f683c2d8b19aa6a39f38a2ff0)] -> xpath: //button[contains(text(),'Sign up')]]
17:42:05.116 [main] INFO  com.demoblaze.automation.utils.LoggerUtil - Sign up attempt with username: test
17:42:07.135 [main] INFO  com.demoblaze.automation.utils.LoggerUtil - Alert text: This user already exist.
17:42:07.135 [main] INFO  com.demoblaze.automation.utils.LoggerUtil - Sign up alert: This user already exist.
17:42:07.138 [main] INFO  com.demoblaze.automation.utils.LoggerUtil - Alert text: This user already exist.
17:42:07.142 [main] INFO  com.demoblaze.automation.utils.LoggerUtil - ✓ TEST PASSED: testSignUpWithExistingUser
17:42:07.143 [main] INFO  com.demoblaze.automation.utils.LoggerUtil - Execution Time: 5039 ms
]]></system-out>
    <system-err><![CDATA[Oct 08, 2025 5:41:59 PM org.openqa.selenium.devtools.CdpVersionFinder findNearestMatch
WARNING: Unable to find CDP implementation matching 141
[...]
WARNING: Unable to find CDP implementation matching 141
Oct 08, 2025 5:47:28 PM org.openqa.selenium.chromium.ChromiumDriver lambda$new$5
WARNING: Unable to find version of CDP to use for 141.0.7390.54. You may need to include a dependency on a specific version of the CDP using something similar to `org.seleniumhq.selenium:selenium-devtools-v86:4.15.0` where the version ("v86") matches the version of the chromium-based browser you're using and the version number of the artifact is the same as Selenium's.
]]></system-err>
  </testcase>
  <testcase name="testCheckoutWithEmptyCreditCard" classname="com.demoblaze.automation.tests.CheckoutTests" time="48.137">
    <system-out><![CDATA[17:48:19.721 [main] INFO  com.demoblaze.automation.utils.LoggerUtil - ============================================
17:48:19.722 [main] INFO  com.demoblaze.automation.utils.LoggerUtil - Starting test teardown
17:48:19.727 [main] INFO  com.demoblaze.automation.utils.LoggerUtil - Quitting driver
17:48:19.923 [main] INFO  com.demoblaze.automation.utils.LoggerUtil - Driver quit successfully
17:48:19.924 [main] INFO  com.demoblaze.automation.utils.LoggerUtil - Test teardown completed
17:48:19.924 [main] INFO  com.demoblaze.automation.utils.LoggerUtil - ============================================
17:48:19.924 [main] INFO  com.demoblaze.automation.utils.LoggerUtil - ============================================
17:48:19.924 [main] INFO  com.demoblaze.automation.utils.LoggerUtil - Starting test setup for browser: chrome
17:48:19.924 [main] INFO  com.demoblaze.automation.utils.LoggerUtil - Initializing chrome driver
17:48:20.647 [main] INFO  com.demoblaze.automation.utils.LoggerUtil - Chrome browser initialized
17:48:20.665 [main] INFO  com.demoblaze.automation.utils.LoggerUtil - Driver initialized successfully
17:48:22.369 [main] INFO  com.demoblaze.automation.utils.LoggerUtil - HomePage initialized
17:48:22.369 [main] INFO  com.demoblaze.automation.utils.LoggerUtil - LoginPage initialized
17:48:22.369 [main] INFO  com.demoblaze.automation.utils.LoggerUtil - SignUpPage initialized
17:48:22.369 [main] INFO  com.demoblaze.automation.utils.LoggerUtil - ProductPage initialized
17:48:22.369 [main] INFO  com.demoblaze.automation.utils.LoggerUtil - CartPage initialized
17:48:22.370 [main] INFO  com.demoblaze.automation.utils.LoggerUtil - CheckoutPage initialized
17:48:22.370 [main] INFO  com.demoblaze.automation.utils.LoggerUtil - Test setup completed successfully
17:48:22.370 [main] INFO  com.demoblaze.automation.utils.LoggerUtil - ============================================
17:48:22.370 [main] INFO  com.demoblaze.automation.utils.LoggerUtil - ========================================
17:48:22.370 [main] INFO  com.demoblaze.automation.utils.LoggerUtil - STARTING TEST: testCheckoutWithEmptyCreditCard
17:48:22.370 [main] INFO  com.demoblaze.automation.utils.LoggerUtil - Description: Test checkout with empty credit card field
17:48:22.370 [main] INFO  com.demoblaze.automation.utils.LoggerUtil - ========================================
17:48:22.370 [main] INFO  com.demoblaze.automation.utils.LoggerUtil - Test: Checkout with empty credit card
17:48:23.466 [main] INFO  com.demoblaze.automation.utils.LoggerUtil - Clicked on element: [[ChromeDriver: chrome on windows (6cd461e5b2400c29b6243e0a9a71233d)] -> link text: Phones]
17:48:23.466 [main] INFO  com.demoblaze.automation.utils.LoggerUtil - Selected category: Phones
17:48:27.302 [main] INFO  com.demoblaze.automation.utils.LoggerUtil - Clicked on element: [[ChromeDriver: chrome on windows (6cd461e5b2400c29b6243e0a9a71233d)] -> link text: Samsung galaxy s6]
17:48:27.303 [main] INFO  com.demoblaze.automation.utils.LoggerUtil - Selected product: Samsung galaxy s6
17:48:28.121 [main] INFO  com.demoblaze.automation.utils.LoggerUtil - Clicked on element: [[ChromeDriver: chrome on windows (6cd461e5b2400c29b6243e0a9a71233d)] -> xpath: //a[contains(text(),'Add to cart')]]
17:48:28.121 [main] INFO  com.demoblaze.automation.utils.LoggerUtil - Clicked Add to Cart button
17:48:29.139 [main] INFO  com.demoblaze.automation.utils.LoggerUtil - Alert text: Product added
17:48:51.698 [main] ERROR com.demoblaze.automation.utils.LoggerUtil - Element not clickable: By.linkText: Home
17:48:51.698 [main] WARN  com.demoblaze.automation.utils.LoggerUtil - Could not click Home link, trying alternative method
17:48:54.483 [main] INFO  com.demoblaze.automation.utils.LoggerUtil - Navigated to home page using JavaScript
17:49:05.585 [main] INFO  com.demoblaze.automation.utils.LoggerUtil - Clicked on element: Proxy element for: DefaultElementLocator 'By.id: cartur'
17:49:05.586 [main] INFO  com.demoblaze.automation.utils.LoggerUtil - Clicked on Cart link
17:49:05.675 [main] INFO  com.demoblaze.automation.utils.LoggerUtil - Clicked on element: [[ChromeDriver: chrome on windows (6cd461e5b2400c29b6243e0a9a71233d)] -> xpath: //button[contains(text(),'Place Order')]]
17:49:05.675 [main] INFO  com.demoblaze.automation.utils.LoggerUtil - Clicked Place Order button
17:49:07.712 [main] INFO  com.demoblaze.automation.utils.LoggerUtil - Checkout modal is visible
17:49:08.749 [main] INFO  com.demoblaze.automation.utils.LoggerUtil - Checkout modal is visible
17:49:08.872 [main] INFO  com.demoblaze.automation.utils.LoggerUtil - Entered text: John Doe
17:49:08.971 [main] INFO  com.demoblaze.automation.utils.LoggerUtil - Entered text: USA
17:49:09.078 [main] INFO  com.demoblaze.automation.utils.LoggerUtil - Entered text: New York
17:49:09.189 [main] INFO  com.demoblaze.automation.utils.LoggerUtil - Entered text: 
17:49:09.290 [main] INFO  com.demoblaze.automation.utils.LoggerUtil - Entered text: 12
17:49:09.391 [main] INFO  com.demoblaze.automation.utils.LoggerUtil - Entered text: 2025
17:49:09.391 [main] INFO  com.demoblaze.automation.utils.LoggerUtil - Filled checkout form for: John Doe
17:49:09.486 [main] INFO  com.demoblaze.automation.utils.LoggerUtil - Clicked Purchase button (alert expected)
17:49:10.496 [main] INFO  com.demoblaze.automation.utils.LoggerUtil - Alert text: Please fill out Name and Creditcard.
17:49:10.496 [main] INFO  com.demoblaze.automation.utils.LoggerUtil - Alert: Please fill out Name and Creditcard.
17:49:10.500 [main] INFO  com.demoblaze.automation.utils.LoggerUtil - Alert text: Please fill out Name and Creditcard.
17:49:10.505 [main] INFO  com.demoblaze.automation.utils.LoggerUtil - ✓ TEST PASSED: testCheckoutWithEmptyCreditCard
17:49:10.505 [main] INFO  com.demoblaze.automation.utils.LoggerUtil - Execution Time: 48135 ms
]]></system-out>
    <system-err><![CDATA[Oct 08, 2025 5:48:20 PM org.openqa.selenium.devtools.CdpVersionFinder findNearestMatch
WARNING: Unable to find CDP implementation matching 141
Oct 08, 2025 5:48:20 PM org.openqa.selenium.chromium.ChromiumDriver lambda$new$5
WARNING: Unable to find version of CDP to use for 141.0.7390.54. You may need to include a dependency on a specific version of the CDP using something similar to `org.seleniumhq.selenium:selenium-devtools-v86:4.15.0` where the version ("v86") matches the version of the chromium-based browser you're using and the version number of the artifact is the same as Selenium's.
]]></system-err>
  </testcase>
  <testcase name="testOrderDetailsDisplay" classname="com.demoblaze.automation.tests.CheckoutTests" time="59.024">
    <system-out><![CDATA[17:49:10.507 [main] INFO  com.demoblaze.automation.utils.LoggerUtil - ============================================
17:49:10.507 [main] INFO  com.demoblaze.automation.utils.LoggerUtil - Starting test teardown
17:49:10.516 [main] INFO  com.demoblaze.automation.utils.LoggerUtil - Quitting driver
17:49:10.703 [main] INFO  com.demoblaze.automation.utils.LoggerUtil - Driver quit successfully
17:49:10.703 [main] INFO  com.demoblaze.automation.utils.LoggerUtil - Test teardown completed
17:49:10.703 [main] INFO  com.demoblaze.automation.utils.LoggerUtil - ============================================
17:49:10.704 [main] INFO  com.demoblaze.automation.utils.LoggerUtil - ============================================
17:49:10.704 [main] INFO  com.demoblaze.automation.utils.LoggerUtil - Starting test setup for browser: chrome
17:49:10.704 [main] INFO  com.demoblaze.automation.utils.LoggerUtil - Initializing chrome driver
17:49:11.407 [main] INFO  com.demoblaze.automation.utils.LoggerUtil - Chrome browser initialized
17:49:11.428 [main] INFO  com.demoblaze.automation.utils.LoggerUtil - Driver initialized successfully
17:49:12.780 [main] INFO  com.demoblaze.automation.utils.LoggerUtil - HomePage initialized
17:49:12.780 [main] INFO  com.demoblaze.automation.utils.LoggerUtil - LoginPage initialized
17:49:12.780 [main] INFO  com.demoblaze.automation.utils.LoggerUtil - SignUpPage initialized
17:49:12.781 [main] INFO  com.demoblaze.automation.utils.LoggerUtil - ProductPage initialized
17:49:12.781 [main] INFO  com.demoblaze.automation.utils.LoggerUtil - CartPage initialized
17:49:12.781 [main] INFO  com.demoblaze.automation.utils.LoggerUtil - CheckoutPage initialized
17:49:12.781 [main] INFO  com.demoblaze.automation.utils.LoggerUtil - Test setup completed successfully
17:49:12.781 [main] INFO  com.demoblaze.automation.utils.LoggerUtil - ============================================
17:49:12.781 [main] INFO  com.demoblaze.automation.utils.LoggerUtil - ========================================
17:49:12.781 [main] INFO  com.demoblaze.automation.utils.LoggerUtil - STARTING TEST: testOrderDetailsDisplay
17:49:12.781 [main] INFO  com.demoblaze.automation.utils.LoggerUtil - Description: Test order details display after successful purchase
17:49:12.781 [main] INFO  com.demoblaze.automation.utils.LoggerUtil - ========================================
17:49:12.782 [main] INFO  com.demoblaze.automation.utils.LoggerUtil - Test: Order details display
17:49:13.884 [main] INFO  com.demoblaze.automation.utils.LoggerUtil - Clicked on element: [[ChromeDriver: chrome on windows (513ddd79a93c7b361a830a0f7e3074ff)] -> link text: Phones]
17:49:13.884 [main] INFO  com.demoblaze.automation.utils.LoggerUtil - Selected category: Phones
17:49:17.684 [main] INFO  com.demoblaze.automation.utils.LoggerUtil - Clicked on element: [[ChromeDriver: chrome on windows (513ddd79a93c7b361a830a0f7e3074ff)] -> link text: Samsung galaxy s6]
17:49:17.684 [main] INFO  com.demoblaze.automation.utils.LoggerUtil - Selected product: Samsung galaxy s6
17:49:18.668 [main] INFO  com.demoblaze.automation.utils.LoggerUtil - Clicked on element: [[ChromeDriver: chrome on windows (513ddd79a93c7b361a830a0f7e3074ff)] -> xpath: //a[contains(text(),'Add to cart')]]
17:49:18.668 [main] INFO  com.demoblaze.automation.utils.LoggerUtil - Clicked Add to Cart button
17:49:19.684 [main] INFO  com.demoblaze.automation.utils.LoggerUtil - Alert text: Product added
17:49:42.264 [main] ERROR com.demoblaze.automation.utils.LoggerUtil - Element not clickable: By.linkText: Home
17:49:42.265 [main] WARN  com.demoblaze.automation.utils.LoggerUtil - Could not click Home link, trying alternative method
17:49:44.806 [main] INFO  com.demoblaze.automation.utils.LoggerUtil - Navigated to home page using JavaScript
17:49:55.837 [main] INFO  com.demoblaze.automation.utils.LoggerUtil - Clicked on element: Proxy element for: DefaultElementLocator 'By.id: cartur'
17:49:55.837 [main] INFO  com.demoblaze.automation.utils.LoggerUtil - Clicked on Cart link
17:49:55.960 [main] INFO  com.demoblaze.automation.utils.LoggerUtil - Clicked on element: [[ChromeDriver: chrome on windows (513ddd79a93c7b361a830a0f7e3074ff)] -> xpath: //button[contains(text(),'Place Order')]]
17:49:55.960 [main] INFO  com.demoblaze.automation.utils.LoggerUtil - Clicked Place Order button
17:49:58.024 [main] INFO  com.demoblaze.automation.utils.LoggerUtil - Checkout modal is visible
17:49:58.156 [main] INFO  com.demoblaze.automation.utils.LoggerUtil - Entered text: Jane Smith
17:49:58.274 [main] INFO  com.demoblaze.automation.utils.LoggerUtil - Entered text: UK
17:49:58.392 [main] INFO  com.demoblaze.automation.utils.LoggerUtil - Entered text: London
17:49:58.523 [main] INFO  com.demoblaze.automation.utils.LoggerUtil - Entered text: 9876543210987654
17:49:58.638 [main] INFO  com.demoblaze.automation.utils.LoggerUtil - Entered text: 06
17:49:58.757 [main] INFO  com.demoblaze.automation.utils.LoggerUtil - Entered text: 2026
17:49:58.758 [main] INFO  com.demoblaze.automation.utils.LoggerUtil - Filled checkout form for: Jane Smith
17:49:58.890 [main] INFO  com.demoblaze.automation.utils.LoggerUtil - Clicked on element: [[ChromeDriver: chrome on windows (513ddd79a93c7b361a830a0f7e3074ff)] -> xpath: //button[contains(text(),'Purchase')]]
17:49:58.890 [main] INFO  com.demoblaze.automation.utils.LoggerUtil - Clicked Purchase button
17:50:00.943 [main] INFO  com.demoblaze.automation.utils.LoggerUtil - Retrieved text: Id: 3533188
Amount: 360 USD
Card Number: 9876543210987654
Name: Jane Smith
Date: 8/9/2025
17:50:00.943 [main] INFO  com.demoblaze.automation.utils.LoggerUtil - Order details: Id: 3533188
Amount: 360 USD
Card Number: 9876543210987654
Name: Jane Smith
Date: 8/9/2025
17:50:11.804 [main] INFO  com.demoblaze.automation.utils.LoggerUtil - Clicked on element: Proxy element for: DefaultElementLocator 'By.xpath: //button[contains(text(),'OK')]'
17:50:11.804 [main] INFO  com.demoblaze.automation.utils.LoggerUtil - Clicked OK on order confirmation
17:50:11.804 [main] INFO  com.demoblaze.automation.utils.LoggerUtil - ✓ TEST PASSED: testOrderDetailsDisplay
17:50:11.804 [main] INFO  com.demoblaze.automation.utils.LoggerUtil - Execution Time: 59023 ms
]]></system-out>
    <system-err><![CDATA[Oct 08, 2025 5:49:11 PM org.openqa.selenium.devtools.CdpVersionFinder findNearestMatch
WARNING: Unable to find CDP implementation matching 141
Oct 08, 2025 5:49:11 PM org.openqa.selenium.chromium.ChromiumDriver lambda$new$5
WARNING: Unable to find version of CDP to use for 141.0.7390.54. You may need to include a dependency on a specific version of the CDP using something similar to `org.seleniumhq.selenium:selenium-devtools-v86:4.15.0` where the version ("v86") matches the version of the chromium-based browser you're using and the version number of the artifact is the same as Selenium's.
]]></system-err>
  </testcase>
  <testcase name="testCloseCheckoutModal" classname="com.demoblaze.automation.tests.CheckoutTests" time="45.652">
    <system-out><![CDATA[17:50:11.804 [main] INFO  com.demoblaze.automation.utils.LoggerUtil - ============================================
17:50:11.805 [main] INFO  com.demoblaze.automation.utils.LoggerUtil - Starting test teardown
17:50:11.809 [main] INFO  com.demoblaze.automation.utils.LoggerUtil - Quitting driver
17:50:11.996 [main] INFO  com.demoblaze.automation.utils.LoggerUtil - Driver quit successfully
17:50:11.996 [main] INFO  com.demoblaze.automation.utils.LoggerUtil - Test teardown completed
17:50:11.996 [main] INFO  com.demoblaze.automation.utils.LoggerUtil - ============================================
17:50:11.997 [main] INFO  com.demoblaze.automation.utils.LoggerUtil - ============================================
17:50:11.997 [main] INFO  com.demoblaze.automation.utils.LoggerUtil - Starting test setup for browser: chrome
17:50:11.997 [main] INFO  com.demoblaze.automation.utils.LoggerUtil - Initializing chrome driver
17:50:12.737 [main] INFO  com.demoblaze.automation.utils.LoggerUtil - Chrome browser initialized
17:50:12.757 [main] INFO  com.demoblaze.automation.utils.LoggerUtil - Driver initialized successfully
17:50:14.519 [main] INFO  com.demoblaze.automation.utils.LoggerUtil - HomePage initialized
17:50:14.519 [main] INFO  com.demoblaze.automation.utils.LoggerUtil - LoginPage initialized
17:50:14.519 [main] INFO  com.demoblaze.automation.utils.LoggerUtil - SignUpPage initialized
17:50:14.519 [main] INFO  com.demoblaze.automation.utils.LoggerUtil - ProductPage initialized
17:50:14.519 [main] INFO  com.demoblaze.automation.utils.LoggerUtil - CartPage initialized
17:50:14.520 [main] INFO  com.demoblaze.automation.utils.LoggerUtil - CheckoutPage initialized
17:50:14.520 [main] INFO  com.demoblaze.automation.utils.LoggerUtil - Test setup completed successfully
17:50:14.520 [main] INFO  com.demoblaze.automation.utils.LoggerUtil - ============================================
17:50:14.520 [main] INFO  com.demoblaze.automation.utils.LoggerUtil - ========================================
17:50:14.520 [main] INFO  com.demoblaze.automation.utils.LoggerUtil - STARTING TEST: testCloseCheckoutModal
17:50:14.520 [main] INFO  com.demoblaze.automation.utils.LoggerUtil - Description: Test closing checkout modal
17:50:14.520 [main] INFO  com.demoblaze.automation.utils.LoggerUtil - ========================================
17:50:14.521 [main] INFO  com.demoblaze.automation.utils.LoggerUtil - Test: Close checkout modal
17:50:15.630 [main] INFO  com.demoblaze.automation.utils.LoggerUtil - Clicked on element: [[ChromeDriver: chrome on windows (bb084a91a74ae70e151a65cd65124299)] -> link text: Phones]
17:50:15.630 [main] INFO  com.demoblaze.automation.utils.LoggerUtil - Selected category: Phones
17:50:19.488 [main] INFO  com.demoblaze.automation.utils.LoggerUtil - Clicked on element: [[ChromeDriver: chrome on windows (bb084a91a74ae70e151a65cd65124299)] -> link text: Samsung galaxy s6]
17:50:19.488 [main] INFO  com.demoblaze.automation.utils.LoggerUtil - Selected product: Samsung galaxy s6
17:50:20.453 [main] INFO  com.demoblaze.automation.utils.LoggerUtil - Clicked on element: [[ChromeDriver: chrome on windows (bb084a91a74ae70e151a65cd65124299)] -> xpath: //a[contains(text(),'Add to cart')]]
17:50:20.453 [main] INFO  com.demoblaze.automation.utils.LoggerUtil - Clicked Add to Cart button
17:50:21.469 [main] INFO  com.demoblaze.automation.utils.LoggerUtil - Alert text: Product added
17:50:44.111 [main] ERROR com.demoblaze.automation.utils.LoggerUtil - Element not clickable: By.linkText: Home
17:50:44.112 [main] WARN  com.demoblaze.automation.utils.LoggerUtil - Could not click Home link, trying alternative method
17:50:46.930 [main] INFO  com.demoblaze.automation.utils.LoggerUtil - Navigated to home page using JavaScript
17:50:57.917 [main] INFO  com.demoblaze.automation.utils.LoggerUtil - Clicked on element: Proxy element for: DefaultElementLocator 'By.id: cartur'
17:50:57.917 [main] INFO  com.demoblaze.automation.utils.LoggerUtil - Clicked on Cart link
17:50:58.019 [main] INFO  com.demoblaze.automation.utils.LoggerUtil - Clicked on element: [[ChromeDriver: chrome on windows (bb084a91a74ae70e151a65cd65124299)] -> xpath: //button[contains(text(),'Place Order')]]
17:50:58.019 [main] INFO  com.demoblaze.automation.utils.LoggerUtil - Clicked Place Order button
17:51:00.059 [main] INFO  com.demoblaze.automation.utils.LoggerUtil - Checkout modal is visible
17:51:00.156 [main] INFO  com.demoblaze.automation.utils.LoggerUtil - Clicked on element: [[ChromeDriver: chrome on windows (bb084a91a74ae70e151a65cd65124299)] -> xpath: //div[@id='orderModal']//button[contains(text(),'Close')]]
17:51:00.172 [main] INFO  com.demoblaze.automation.utils.LoggerUtil - Current URL: https://www.demoblaze.com/cart.html
17:51:00.172 [main] INFO  com.demoblaze.automation.utils.LoggerUtil - ✓ TEST PASSED: testCloseCheckoutModal
17:51:00.172 [main] INFO  com.demoblaze.automation.utils.LoggerUtil - Execution Time: 45652 ms
]]></system-out>
    <system-err><![CDATA[Oct 08, 2025 5:50:12 PM org.openqa.selenium.devtools.CdpVersionFinder findNearestMatch
WARNING: Unable to find CDP implementation matching 141
Oct 08, 2025 5:50:12 PM org.openqa.selenium.chromium.ChromiumDriver lambda$new$5
WARNING: Unable to find version of CDP to use for 141.0.7390.54. You may need to include a dependency on a specific version of the CDP using something similar to `org.seleniumhq.selenium:selenium-devtools-v86:4.15.0` where the version ("v86") matches the version of the chromium-based browser you're using and the version number of the artifact is the same as Selenium's.
]]></system-err>
  </testcase>
</testsuite>