<?xml version="1.0" encoding="UTF-8"?>
<!-- Generated by org.testng.reporters.JUnitXMLReporter -->
<testsuite ignored="0" hostname="VishalNivangune" failures="0" tests="10" name="Firefox Tests" time="7.089" errors="0" timestamp="2025-10-08T17:51:07 IST">
  <testcase classname="com.demoblaze.automation.tests.LoginTests" name="testLoginWithValidCredentials" time="0.0">
    <skipped/>
  </testcase> <!-- testLoginWithValidCredentials -->
  <testcase classname="com.demoblaze.automation.tests.LoginTests" name="testLoginWithInvalidUsername" time="0.0">
    <skipped/>
  </testcase> <!-- testLoginWithInvalidUsername -->
  <testcase classname="com.demoblaze.automation.tests.LoginTests" name="testLoginWithInvalidPassword" time="0.0">
    <skipped/>
  </testcase> <!-- testLoginWithInvalidPassword -->
  <testcase classname="com.demoblaze.automation.tests.LoginTests" name="testLoginWithEmptyCredentials" time="0.0">
    <skipped/>
  </testcase> <!-- testLoginWithEmptyCredentials -->
  <testcase classname="com.demoblaze.automation.tests.LoginTests" name="testLogoutFunctionality" time="0.0">
    <skipped/>
  </testcase> <!-- testLogoutFunctionality -->
  <testcase classname="com.demoblaze.automation.tests.SignUpTests" name="testSuccessfulSignUp" time="0.0">
    <skipped/>
  </testcase> <!-- testSuccessfulSignUp -->
  <testcase classname="com.demoblaze.automation.tests.SignUpTests" name="testSignUpWithExistingUser" time="0.0">
    <skipped/>
  </testcase> <!-- testSignUpWithExistingUser -->
  <testcase classname="com.demoblaze.automation.tests.SignUpTests" name="testSignUpWithEmptyFields" time="0.0">
    <skipped/>
  </testcase> <!-- testSignUpWithEmptyFields -->
  <testcase classname="com.demoblaze.automation.tests.SignUpTests" name="testSignUpWithOnlyUsername" time="0.0">
    <skipped/>
  </testcase> <!-- testSignUpWithOnlyUsername -->
  <testcase classname="com.demoblaze.automation.tests.SignUpTests" name="testSignUpModalClose" time="0.0">
    <skipped/>
  </testcase> <!-- testSignUpModalClose -->
</testsuite> <!-- Firefox Tests -->
